#
# There is insufficient memory for the Java Runtime Environment to continue.
# Native memory allocation (mmap) failed to map 16252928 bytes for committing reserved memory.
# Possible reasons:
#   The system is out of physical RAM or swap space
#   In 32 bit mode, the process size limit was hit
# Possible solutions:
#   Reduce memory load on the system
#   Increase physical memory or swap space
#   Check if swap backing store is full
#   Use 64 bit Java on a 64 bit OS
#   Decrease Java heap size (-Xmx/-Xms)
#   Decrease number of Java threads
#   Decrease Java thread stack sizes (-Xss)
#   Set larger code cache with -XX:ReservedCodeCacheSize=
# This output file may be truncated or incomplete.
#
#  Out of Memory Error (os_linux.cpp:2640), pid=17516, tid=0x00007f9cf88f1700
#
# JRE version: Java(TM) SE Runtime Environment (8.0_171-b11) (build 1.8.0_171-b11)
# Java VM: Java HotSpot(TM) 64-Bit Server VM (25.171-b11 mixed mode linux-amd64 compressed oops)
# Failed to write core dump. Core dumps have been disabled. To enable core dumping, try "ulimit -c unlimited" before starting Java again
#

---------------  T H R E A D  ---------------

Current thread (0x00007f9d0c144000):  VMThread [stack: 0x00007f9cf87f1000,0x00007f9cf88f2000] [id=17530]

Stack: [0x00007f9cf87f1000,0x00007f9cf88f2000],  sp=0x00007f9cf88f0320,  free space=1020k
Native frames: (J=compiled Java code, j=interpreted, Vv=VM code, C=native code)
V  [libjvm.so+0xacfffa]  VMError::report_and_die()+0x2ba
V  [libjvm.so+0x5005cb]  report_vm_out_of_memory(char const*, int, unsigned long, VMErrorType, char const*)+0x8b
V  [libjvm.so+0x92dd93]  os::Linux::commit_memory_impl(char*, unsigned long, bool)+0x123
V  [libjvm.so+0x92dfb9]  os::pd_commit_memory(char*, unsigned long, unsigned long, bool)+0x29
V  [libjvm.so+0x92527a]  os::commit_memory(char*, unsigned long, unsigned long, bool)+0x2a
V  [libjvm.so+0x99b223]  PSVirtualSpace::expand_by(unsigned long)+0x53
V  [libjvm.so+0x99c628]  PSYoungGen::resize_generation(unsigned long, unsigned long)+0xf8
V  [libjvm.so+0x99b782]  PSYoungGen::resize(unsigned long, unsigned long)+0x22
V  [libjvm.so+0x998a5b]  PSScavenge::invoke_no_policy()+0xf3b
V  [libjvm.so+0x9991e1]  PSScavenge::invoke()+0x41
V  [libjvm.so+0x94fcb0]  ParallelScavengeHeap::failed_mem_allocate(unsigned long)+0x70
V  [libjvm.so+0xad1a77]  VM_ParallelGCFailedAllocation::doit()+0x97
V  [libjvm.so+0xad9595]  VM_Operation::evaluate()+0x55
V  [libjvm.so+0xad795a]  VMThread::evaluate_operation(VM_Operation*)+0xba
V  [libjvm.so+0xad7cde]  VMThread::loop()+0x1ce
V  [libjvm.so+0xad8150]  VMThread::run()+0x70
V  [libjvm.so+0x92e0f8]  java_start(Thread*)+0x108

VM_Operation (0x00007f9d13dd60e0): ParallelGCFailedAllocation, mode: safepoint, requested by thread 0x00007f9d0c00e800


---------------  P R O C E S S  ---------------

Java Threads: ( => current thread )
  0x00007f9d0c26f000 JavaThread "Service Thread" daemon [_thread_blocked, id=17544, stack(0x00007f9cd3afb000,0x00007f9cd3bfc000)]
  0x00007f9d0c26b800 JavaThread "C1 CompilerThread2" daemon [_thread_blocked, id=17543, stack(0x00007f9cd3bfc000,0x00007f9cd3cfd000)]
  0x00007f9d0c269000 JavaThread "C2 CompilerThread1" daemon [_thread_blocked, id=17542, stack(0x00007f9cd3cfd000,0x00007f9cd3dfe000)]
  0x00007f9d0c262000 JavaThread "C2 CompilerThread0" daemon [_thread_blocked, id=17541, stack(0x00007f9cd3dfe000,0x00007f9cd3eff000)]
  0x00007f9cd8001000 JavaThread "JDWP Command Reader" daemon [_thread_in_native, id=17540, stack(0x00007f9cd3eff000,0x00007f9cd4000000)]
  0x00007f9d0c192000 JavaThread "JDWP Event Helper Thread" daemon [_thread_blocked, id=17538, stack(0x00007f9cf80e8000,0x00007f9cf81e9000)]
  0x00007f9d0c18e800 JavaThread "JDWP Transport Listener: dt_socket" daemon [_thread_blocked, id=17537, stack(0x00007f9cf81e9000,0x00007f9cf82ea000)]
  0x00007f9d0c182000 JavaThread "Signal Dispatcher" daemon [_thread_blocked, id=17535, stack(0x00007f9cf84ee000,0x00007f9cf85ef000)]
  0x00007f9d0c150000 JavaThread "Finalizer" daemon [_thread_blocked, id=17532, stack(0x00007f9cf85ef000,0x00007f9cf86f0000)]
  0x00007f9d0c14b800 JavaThread "Reference Handler" daemon [_thread_blocked, id=17531, stack(0x00007f9cf86f0000,0x00007f9cf87f1000)]
  0x00007f9d0c00e800 JavaThread "main" [_thread_blocked, id=17519, stack(0x00007f9d13cd8000,0x00007f9d13dd9000)]

Other Threads:
=>0x00007f9d0c144000 VMThread [stack: 0x00007f9cf87f1000,0x00007f9cf88f2000] [id=17530]
  0x00007f9d0c274000 WatcherThread [stack: 0x00007f9cd39fa000,0x00007f9cd3afb000] [id=17545]

VM state:at safepoint (normal execution)

VM Mutex/Monitor currently owned by a thread:  ([mutex/lock_event])
[0x00007f9d0c00b100] Threads_lock - owner thread: 0x00007f9d0c144000
[0x00007f9d0c00b600] Heap_lock - owner thread: 0x00007f9d0c00e800

Heap:
 PSYoungGen      total 18432K, used 2534K [0x00000000eb900000, 0x00000000ecd80000, 0x0000000100000000)
  eden space 15872K, 0% used [0x00000000eb900000,0x00000000eb900000,0x00000000ec880000)
  from space 2560K, 99% used [0x00000000ec880000,0x00000000ecaf99b0,0x00000000ecb00000)
  to   space 2560K, 0% used [0x00000000ecb00000,0x00000000ecb00000,0x00000000ecd80000)
 ParOldGen       total 42496K, used 521K [0x00000000c2a00000, 0x00000000c5380000, 0x00000000eb900000)
  object space 42496K, 1% used [0x00000000c2a00000,0x00000000c2a825b8,0x00000000c5380000)
 Metaspace       used 8408K, capacity 8612K, committed 8832K, reserved 1056768K
  class space    used 980K, capacity 1060K, committed 1152K, reserved 1048576K

Card table byte_map: [0x00007f9cfc838000,0x00007f9cfca24000] byte_map_base: 0x00007f9cfc223000

Marking Bits: (ParMarkBitMap*) 0x00007f9d131a1280
 Begin Bits: [0x00007f9cfa43c000, 0x00007f9cfb394000)
 End Bits:   [0x00007f9cfb394000, 0x00007f9cfc2ec000)

Polling page: 0x00007f9d13df3000

CodeCache: size=245760Kb used=1196Kb max_used=1196Kb free=244563Kb
 bounds [0x00007f9cfcde4000, 0x00007f9cfd054000, 0x00007f9d0bde4000]
 total_blobs=371 nmethods=72 adapters=221
 compilation: enabled

Compilation events (10 events):
Event: 1.050 Thread 0x00007f9d0c26b800   23       3       java.util.Arrays::copyOfRange (63 bytes)
Event: 1.055 Thread 0x00007f9d0c26b800 nmethod 23 0x00007f9cfceffbd0 code [0x00007f9cfceffe00, 0x00007f9cfcf00958]
Event: 1.055 Thread 0x00007f9d0c26b800   21       3       java.lang.AbstractStringBuilder::ensureCapacityInternal (27 bytes)
Event: 1.055 Thread 0x00007f9d0c26b800 nmethod 21 0x00007f9cfcf00f10 code [0x00007f9cfcf010a0, 0x00007f9cfcf01518]
Event: 1.055 Thread 0x00007f9d0c26b800   19       3       java.lang.String::getChars (62 bytes)
Event: 1.056 Thread 0x00007f9d0c26b800 nmethod 19 0x00007f9cfcf016d0 code [0x00007f9cfcf018a0, 0x00007f9cfcf01d38]
Event: 1.056 Thread 0x00007f9d0c26b800   22       3       java.util.Arrays::copyOf (19 bytes)
Event: 1.056 Thread 0x00007f9d0c26b800 nmethod 22 0x00007f9cfcf02010 code [0x00007f9cfcf021a0, 0x00007f9cfcf024c8]
Event: 1.056 Thread 0x00007f9d0c26b800   24       3       java.lang.Character::toLowerCase (6 bytes)
Event: 1.056 Thread 0x00007f9d0c26b800 nmethod 24 0x00007f9cfcf02610 code [0x00007f9cfcf027a0, 0x00007f9cfcf02a38]

GC Heap History (1 events):
Event: 5.849 GC heap before
{Heap before GC invocations=1 (full 0):
 PSYoungGen      total 18432K, used 15872K [0x00000000eb900000, 0x00000000ecd80000, 0x0000000100000000)
  eden space 15872K, 100% used [0x00000000eb900000,0x00000000ec880000,0x00000000ec880000)
  from space 2560K, 0% used [0x00000000ecb00000,0x00000000ecb00000,0x00000000ecd80000)
  to   space 2560K, 0% used [0x00000000ec880000,0x00000000ec880000,0x00000000ecb00000)
 ParOldGen       total 42496K, used 0K [0x00000000c2a00000, 0x00000000c5380000, 0x00000000eb900000)
  object space 42496K, 0% used [0x00000000c2a00000,0x00000000c2a00000,0x00000000c5380000)
 Metaspace       used 8408K, capacity 8612K, committed 8832K, reserved 1056768K
  class space    used 980K, capacity 1060K, committed 1152K, reserved 1048576K

Deoptimization events (0 events):
No events

Classes redefined (0 events):
No events

Internal exceptions (8 events):
Event: 0.180 Thread 0x00007f9d0c00e800 Exception <a 'java/lang/NoSuchMethodError': Method sun.misc.Unsafe.defineClass(Ljava/lang/String;[BII)Ljava/lang/Class; name or signature does not match> (0x00000000eb907cb0) thrown at [/HUDSON/workspace/8-2-build-linux-amd64/jdk8u171/10807/hotspot/src/sh
Event: 0.180 Thread 0x00007f9d0c00e800 Exception <a 'java/lang/NoSuchMethodError': Method sun.misc.Unsafe.prefetchRead(Ljava/lang/Object;J)V name or signature does not match> (0x00000000eb907f98) thrown at [/HUDSON/workspace/8-2-build-linux-amd64/jdk8u171/10807/hotspot/src/share/vm/prims/jni.c
Event: 3.553 Thread 0x00007f9d0c00e800 Exception <a 'java/lang/NoSuchFieldError': method resolution failed> (0x00000000ebdfa7c8) thrown at [/HUDSON/workspace/8-2-build-linux-amd64/jdk8u171/10807/hotspot/src/share/vm/prims/methodHandles.cpp, line 1167]
Event: 3.569 Thread 0x00007f9d0c00e800 Exception <a 'java/lang/NoSuchFieldError': method resolution failed> (0x00000000ebe087a8) thrown at [/HUDSON/workspace/8-2-build-linux-amd64/jdk8u171/10807/hotspot/src/share/vm/prims/methodHandles.cpp, line 1167]
Event: 3.965 Thread 0x00007f9d0c00e800 Exception <a 'java/security/PrivilegedActionException'> (0x00000000ec024628) thrown at [/HUDSON/workspace/8-2-build-linux-amd64/jdk8u171/10807/hotspot/src/share/vm/prims/jvm.cpp, line 1435]
Event: 3.965 Thread 0x00007f9d0c00e800 Exception <a 'java/security/PrivilegedActionException'> (0x00000000ec024838) thrown at [/HUDSON/workspace/8-2-build-linux-amd64/jdk8u171/10807/hotspot/src/share/vm/prims/jvm.cpp, line 1435]
Event: 3.967 Thread 0x00007f9d0c00e800 Exception <a 'java/security/PrivilegedActionException'> (0x00000000ec026f58) thrown at [/HUDSON/workspace/8-2-build-linux-amd64/jdk8u171/10807/hotspot/src/share/vm/prims/jvm.cpp, line 1435]
Event: 3.967 Thread 0x00007f9d0c00e800 Exception <a 'java/security/PrivilegedActionException'> (0x00000000ec027168) thrown at [/HUDSON/workspace/8-2-build-linux-amd64/jdk8u171/10807/hotspot/src/share/vm/prims/jvm.cpp, line 1435]

Events (10 events):
Event: 5.587 loading class com/sun/org/apache/xerces/internal/impl/xs/opti/DefaultElement
Event: 5.588 loading class com/sun/org/apache/xerces/internal/impl/xs/opti/DefaultElement done
Event: 5.588 loading class com/sun/org/apache/xerces/internal/impl/xs/opti/ElementImpl done
Event: 5.590 loading class org/w3c/dom/Attr
Event: 5.590 loading class org/w3c/dom/Attr done
Event: 5.590 loading class com/sun/org/apache/xerces/internal/impl/xs/opti/AttrImpl
Event: 5.590 loading class com/sun/org/apache/xerces/internal/impl/xs/opti/AttrImpl done
Event: 5.592 loading class com/sun/org/apache/xerces/internal/util/NamespaceSupport$Prefixes
Event: 5.592 loading class com/sun/org/apache/xerces/internal/util/NamespaceSupport$Prefixes done
Event: 5.811 Executing VM operation: ParallelGCFailedAllocation


Dynamic libraries:
00400000-00401000 r-xp 00000000 08:01 135499                             /home/xielinjun/java/jdk1.8.0_171/bin/java
00600000-00601000 rw-p 00000000 08:01 135499                             /home/xielinjun/java/jdk1.8.0_171/bin/java
00bf6000-00c17000 rw-p 00000000 00:00 0                                  [heap]
c2a00000-c5380000 rw-p 00000000 00:00 0 
c5380000-eb900000 ---p 00000000 00:00 0 
eb900000-ecd80000 rw-p 00000000 00:00 0 
edd00000-100000000 ---p 00000000 00:00 0 
100000000-100120000 rw-p 00000000 00:00 0 
100120000-140000000 ---p 00000000 00:00 0 
7f9cb4000000-7f9cb4021000 rw-p 00000000 00:00 0 
7f9cb4021000-7f9cb8000000 ---p 00000000 00:00 0 
7f9cb8000000-7f9cb8021000 rw-p 00000000 00:00 0 
7f9cb8021000-7f9cbc000000 ---p 00000000 00:00 0 
7f9cbc000000-7f9cbc021000 rw-p 00000000 00:00 0 
7f9cbc021000-7f9cc0000000 ---p 00000000 00:00 0 
7f9cc0000000-7f9cc0140000 rw-p 00000000 00:00 0 
7f9cc0140000-7f9cc4000000 ---p 00000000 00:00 0 
7f9cc4000000-7f9cc4021000 rw-p 00000000 00:00 0 
7f9cc4021000-7f9cc8000000 ---p 00000000 00:00 0 
7f9cc8000000-7f9cc80a6000 rw-p 00000000 00:00 0 
7f9cc80a6000-7f9ccc000000 ---p 00000000 00:00 0 
7f9ccc000000-7f9ccc021000 rw-p 00000000 00:00 0 
7f9ccc021000-7f9cd0000000 ---p 00000000 00:00 0 
7f9cd3772000-7f9cd39fa000 rw-p 00000000 00:00 0 
7f9cd39fa000-7f9cd39fb000 ---p 00000000 00:00 0 
7f9cd39fb000-7f9cd3afb000 rw-p 00000000 00:00 0 
7f9cd3afb000-7f9cd3afe000 ---p 00000000 00:00 0 
7f9cd3afe000-7f9cd3bfc000 rw-p 00000000 00:00 0 
7f9cd3bfc000-7f9cd3bff000 ---p 00000000 00:00 0 
7f9cd3bff000-7f9cd3cfd000 rw-p 00000000 00:00 0 
7f9cd3cfd000-7f9cd3d00000 ---p 00000000 00:00 0 
7f9cd3d00000-7f9cd3dfe000 rw-p 00000000 00:00 0 
7f9cd3dfe000-7f9cd3e01000 ---p 00000000 00:00 0 
7f9cd3e01000-7f9cd3eff000 rw-p 00000000 00:00 0 
7f9cd3eff000-7f9cd3f02000 ---p 00000000 00:00 0 
7f9cd3f02000-7f9cd4000000 rw-p 00000000 00:00 0 
7f9cd4000000-7f9cd4021000 rw-p 00000000 00:00 0 
7f9cd4021000-7f9cd8000000 ---p 00000000 00:00 0 
7f9cd8000000-7f9cd8021000 rw-p 00000000 00:00 0 
7f9cd8021000-7f9cdc000000 ---p 00000000 00:00 0 
7f9cdc000000-7f9cdc021000 rw-p 00000000 00:00 0 
7f9cdc021000-7f9ce0000000 ---p 00000000 00:00 0 
7f9ce0000000-7f9ce0021000 rw-p 00000000 00:00 0 
7f9ce0021000-7f9ce4000000 ---p 00000000 00:00 0 
7f9ce4000000-7f9ce4021000 rw-p 00000000 00:00 0 
7f9ce4021000-7f9ce8000000 ---p 00000000 00:00 0 
7f9ce8000000-7f9ce8021000 rw-p 00000000 00:00 0 
7f9ce8021000-7f9cec000000 ---p 00000000 00:00 0 
7f9cec000000-7f9cec021000 rw-p 00000000 00:00 0 
7f9cec021000-7f9cf0000000 ---p 00000000 00:00 0 
7f9cf0000000-7f9cf0021000 rw-p 00000000 00:00 0 
7f9cf0021000-7f9cf4000000 ---p 00000000 00:00 0 
7f9cf4000000-7f9cf4021000 rw-p 00000000 00:00 0 
7f9cf4021000-7f9cf8000000 ---p 00000000 00:00 0 
7f9cf8051000-7f9cf8058000 r--s 00000000 08:01 1718                       /usr/lib/x86_64-linux-gnu/gconv/gconv-modules.cache
7f9cf8058000-7f9cf8079000 r--p 00000000 08:01 1067397                    /usr/share/locale-langpack/zh_CN/LC_MESSAGES/libc.mo
7f9cf8079000-7f9cf8083000 r--s 00116000 08:01 790060                     /home/xielinjun/java/jdk1.8.0_171/jre/lib/ext/localedata.jar
7f9cf8083000-7f9cf809f000 r--s 00393000 08:01 790053                     /home/xielinjun/java/jdk1.8.0_171/jre/lib/ext/cldrdata.jar
7f9cf809f000-7f9cf80a6000 r--s 00064000 08:01 938588                     /home/xielinjun/soft/idea-IU-181.4668.68/lib/rt/debugger-agent.jar
7f9cf80a6000-7f9cf80a8000 r--s 0001a000 08:01 938505                     /home/xielinjun/soft/idea-IU-181.4668.68/lib/idea_rt.jar
7f9cf80a8000-7f9cf80ad000 r--s 00040000 08:01 918221                     /home/xielinjun/.m2/repository/org/springframework/spring-expression/5.0.6.RELEASE/spring-expression-5.0.6.RELEASE.jar
7f9cf80ad000-7f9cf80b6000 r--s 00051000 08:01 574404                     /home/xielinjun/.m2/repository/org/springframework/spring-aop/5.0.6.RELEASE/spring-aop-5.0.6.RELEASE.jar
7f9cf80b6000-7f9cf80d0000 r--s 000f1000 08:01 574402                     /home/xielinjun/.m2/repository/org/springframework/spring-context/5.0.6.RELEASE/spring-context-5.0.6.RELEASE.jar
7f9cf80d0000-7f9cf80e8000 r--s 00114000 08:01 676336                     /home/xielinjun/.m2/repository/org/springframework/spring-core/5.0.6.RELEASE/spring-core-5.0.6.RELEASE.jar
7f9cf80e8000-7f9cf80eb000 ---p 00000000 00:00 0 
7f9cf80eb000-7f9cf81e9000 rw-p 00000000 00:00 0 
7f9cf81e9000-7f9cf81ec000 ---p 00000000 00:00 0 
7f9cf81ec000-7f9cf82ea000 rw-p 00000000 00:00 0 
7f9cf82ea000-7f9cf82ee000 r-xp 00000000 08:01 669733                     /home/xielinjun/java/jdk1.8.0_171/jre/lib/amd64/libdt_socket.so
7f9cf82ee000-7f9cf84ed000 ---p 00004000 08:01 669733                     /home/xielinjun/java/jdk1.8.0_171/jre/lib/amd64/libdt_socket.so
7f9cf84ed000-7f9cf84ee000 rw-p 00003000 08:01 669733                     /home/xielinjun/java/jdk1.8.0_171/jre/lib/amd64/libdt_socket.so
7f9cf84ee000-7f9cf84f1000 ---p 00000000 00:00 0 
7f9cf84f1000-7f9cf85ef000 rw-p 00000000 00:00 0 
7f9cf85ef000-7f9cf85f2000 ---p 00000000 00:00 0 
7f9cf85f2000-7f9cf86f0000 rw-p 00000000 00:00 0 
7f9cf86f0000-7f9cf86f3000 ---p 00000000 00:00 0 
7f9cf86f3000-7f9cf87f1000 rw-p 00000000 00:00 0 
7f9cf87f1000-7f9cf87f2000 ---p 00000000 00:00 0 
7f9cf87f2000-7f9cf9801000 rw-p 00000000 00:00 0 
7f9cf9801000-7f9cf99db000 r--s 03d68000 08:01 1064803                    /home/xielinjun/java/jdk1.8.0_171/jre/lib/rt.jar
7f9cf99db000-7f9cfa1d1000 rw-p 00000000 00:00 0 
7f9cfa1d1000-7f9cfa251000 ---p 00000000 00:00 0 
7f9cfa251000-7f9cfc2ec000 rw-p 00000000 00:00 0 
7f9cfc2ec000-7f9cfc2ed000 ---p 00000000 00:00 0 
7f9cfc2ed000-7f9cfc3ed000 rw-p 00000000 00:00 0 
7f9cfc3ed000-7f9cfc3ee000 ---p 00000000 00:00 0 
7f9cfc3ee000-7f9cfc4ee000 rw-p 00000000 00:00 0 
7f9cfc4ee000-7f9cfc4ef000 ---p 00000000 00:00 0 
7f9cfc4ef000-7f9cfc5ef000 rw-p 00000000 00:00 0 
7f9cfc5ef000-7f9cfc5f0000 ---p 00000000 00:00 0 
7f9cfc5f0000-7f9cfc705000 rw-p 00000000 00:00 0 
7f9cfc705000-7f9cfc838000 ---p 00000000 00:00 0 
7f9cfc838000-7f9cfc84d000 rw-p 00000000 00:00 0 
7f9cfc84d000-7f9cfc97f000 ---p 00000000 00:00 0 
7f9cfc97f000-7f9cfc98a000 rw-p 00000000 00:00 0 
7f9cfc98a000-7f9cfca23000 ---p 00000000 00:00 0 
7f9cfca23000-7f9cfca2e000 rw-p 00000000 00:00 0 
7f9cfca2e000-7f9cfcde4000 ---p 00000000 00:00 0 
7f9cfcde4000-7f9cfd054000 rwxp 00000000 00:00 0 
7f9cfd054000-7f9d0bde4000 ---p 00000000 00:00 0 
7f9d0bde4000-7f9d0bdff000 r-xp 00000000 08:01 669764                     /home/xielinjun/java/jdk1.8.0_171/jre/lib/amd64/libzip.so
7f9d0bdff000-7f9d0bfff000 ---p 0001b000 08:01 669764                     /home/xielinjun/java/jdk1.8.0_171/jre/lib/amd64/libzip.so
7f9d0bfff000-7f9d0c000000 rw-p 0001b000 08:01 669764                     /home/xielinjun/java/jdk1.8.0_171/jre/lib/amd64/libzip.so
7f9d0c000000-7f9d0c3d9000 rw-p 00000000 00:00 0 
7f9d0c3d9000-7f9d10000000 ---p 00000000 00:00 0 
7f9d10000000-7f9d1000c000 r--s 00096000 08:01 574406                     /home/xielinjun/.m2/repository/org/springframework/spring-beans/5.0.6.RELEASE/spring-beans-5.0.6.RELEASE.jar
7f9d1000c000-7f9d1000e000 r--s 00004000 08:01 1056366                    /home/xielinjun/.m2/repository/org/springframework/spring-jcl/5.0.6.RELEASE/spring-jcl-5.0.6.RELEASE.jar
7f9d1000e000-7f9d10021000 r--s 00345000 08:01 1064838                    /home/xielinjun/java/jdk1.8.0_171/jre/lib/resources.jar
7f9d10021000-7f9d10034000 r--s 000d6000 08:01 1064779                    /home/xielinjun/java/jdk1.8.0_171/jre/lib/plugin.jar
7f9d10034000-7f9d10039000 r--s 0009d000 08:01 1064852                    /home/xielinjun/java/jdk1.8.0_171/jre/lib/jsse.jar
7f9d10039000-7f9d1003e000 r--s 00084000 08:01 1064756                    /home/xielinjun/java/jdk1.8.0_171/jre/lib/jfr.jar
7f9d1003e000-7f9d10049000 r-xp 00000000 08:01 923496                     /lib/x86_64-linux-gnu/libnss_files-2.23.so
7f9d10049000-7f9d10248000 ---p 0000b000 08:01 923496                     /lib/x86_64-linux-gnu/libnss_files-2.23.so
7f9d10248000-7f9d10249000 r--p 0000a000 08:01 923496                     /lib/x86_64-linux-gnu/libnss_files-2.23.so
7f9d10249000-7f9d1024a000 rw-p 0000b000 08:01 923496                     /lib/x86_64-linux-gnu/libnss_files-2.23.so
7f9d1024a000-7f9d10250000 rw-p 00000000 00:00 0 
7f9d10250000-7f9d1025b000 r-xp 00000000 08:01 923506                     /lib/x86_64-linux-gnu/libnss_nis-2.23.so
7f9d1025b000-7f9d1045a000 ---p 0000b000 08:01 923506                     /lib/x86_64-linux-gnu/libnss_nis-2.23.so
7f9d1045a000-7f9d1045b000 r--p 0000a000 08:01 923506                     /lib/x86_64-linux-gnu/libnss_nis-2.23.so
7f9d1045b000-7f9d1045c000 rw-p 0000b000 08:01 923506                     /lib/x86_64-linux-gnu/libnss_nis-2.23.so
7f9d1045c000-7f9d10472000 r-xp 00000000 08:01 923490                     /lib/x86_64-linux-gnu/libnsl-2.23.so
7f9d10472000-7f9d10671000 ---p 00016000 08:01 923490                     /lib/x86_64-linux-gnu/libnsl-2.23.so
7f9d10671000-7f9d10672000 r--p 00015000 08:01 923490                     /lib/x86_64-linux-gnu/libnsl-2.23.so
7f9d10672000-7f9d10673000 rw-p 00016000 08:01 923490                     /lib/x86_64-linux-gnu/libnsl-2.23.so
7f9d10673000-7f9d10675000 rw-p 00000000 00:00 0 
7f9d10675000-7f9d1067d000 r-xp 00000000 08:01 923492                     /lib/x86_64-linux-gnu/libnss_compat-2.23.so
7f9d1067d000-7f9d1087c000 ---p 00008000 08:01 923492                     /lib/x86_64-linux-gnu/libnss_compat-2.23.so
7f9d1087c000-7f9d1087d000 r--p 00007000 08:01 923492                     /lib/x86_64-linux-gnu/libnss_compat-2.23.so
7f9d1087d000-7f9d1087e000 rw-p 00008000 08:01 923492                     /lib/x86_64-linux-gnu/libnss_compat-2.23.so
7f9d1087e000-7f9d10888000 r-xp 00000000 08:01 669773                     /home/xielinjun/java/jdk1.8.0_171/jre/lib/amd64/libinstrument.so
7f9d10888000-7f9d10a87000 ---p 0000a000 08:01 669773                     /home/xielinjun/java/jdk1.8.0_171/jre/lib/amd64/libinstrument.so
7f9d10a87000-7f9d10a88000 rw-p 00009000 08:01 669773                     /home/xielinjun/java/jdk1.8.0_171/jre/lib/amd64/libinstrument.so
7f9d10a88000-7f9d11447000 r--p 00000000 08:01 795787                     /usr/lib/locale/locale-archive
7f9d11447000-7f9d11449000 r-xp 00000000 08:01 669735                     /home/xielinjun/java/jdk1.8.0_171/jre/lib/amd64/libnpt.so
7f9d11449000-7f9d11649000 ---p 00002000 08:01 669735                     /home/xielinjun/java/jdk1.8.0_171/jre/lib/amd64/libnpt.so
7f9d11649000-7f9d1164a000 rw-p 00002000 08:01 669735                     /home/xielinjun/java/jdk1.8.0_171/jre/lib/amd64/libnpt.so
7f9d1164a000-7f9d11684000 r-xp 00000000 08:01 669751                     /home/xielinjun/java/jdk1.8.0_171/jre/lib/amd64/libjdwp.so
7f9d11684000-7f9d11883000 ---p 0003a000 08:01 669751                     /home/xielinjun/java/jdk1.8.0_171/jre/lib/amd64/libjdwp.so
7f9d11883000-7f9d11884000 rw-p 00039000 08:01 669751                     /home/xielinjun/java/jdk1.8.0_171/jre/lib/amd64/libjdwp.so
7f9d11884000-7f9d11885000 rw-p 00000000 00:00 0 
7f9d11885000-7f9d118b0000 r-xp 00000000 08:01 669758                     /home/xielinjun/java/jdk1.8.0_171/jre/lib/amd64/libjava.so
7f9d118b0000-7f9d11aaf000 ---p 0002b000 08:01 669758                     /home/xielinjun/java/jdk1.8.0_171/jre/lib/amd64/libjava.so
7f9d11aaf000-7f9d11ab1000 rw-p 0002a000 08:01 669758                     /home/xielinjun/java/jdk1.8.0_171/jre/lib/amd64/libjava.so
7f9d11ab1000-7f9d11abe000 r-xp 00000000 08:01 669763                     /home/xielinjun/java/jdk1.8.0_171/jre/lib/amd64/libverify.so
7f9d11abe000-7f9d11cbe000 ---p 0000d000 08:01 669763                     /home/xielinjun/java/jdk1.8.0_171/jre/lib/amd64/libverify.so
7f9d11cbe000-7f9d11cc0000 rw-p 0000d000 08:01 669763                     /home/xielinjun/java/jdk1.8.0_171/jre/lib/amd64/libverify.so
7f9d11cc0000-7f9d11cc7000 r-xp 00000000 08:01 923551                     /lib/x86_64-linux-gnu/librt-2.23.so
7f9d11cc7000-7f9d11ec6000 ---p 00007000 08:01 923551                     /lib/x86_64-linux-gnu/librt-2.23.so
7f9d11ec6000-7f9d11ec7000 r--p 00006000 08:01 923551                     /lib/x86_64-linux-gnu/librt-2.23.so
7f9d11ec7000-7f9d11ec8000 rw-p 00007000 08:01 923551                     /lib/x86_64-linux-gnu/librt-2.23.so
7f9d11ec8000-7f9d11fd0000 r-xp 00000000 08:01 923467                     /lib/x86_64-linux-gnu/libm-2.23.so
7f9d11fd0000-7f9d121cf000 ---p 00108000 08:01 923467                     /lib/x86_64-linux-gnu/libm-2.23.so
7f9d121cf000-7f9d121d0000 r--p 00107000 08:01 923467                     /lib/x86_64-linux-gnu/libm-2.23.so
7f9d121d0000-7f9d121d1000 rw-p 00108000 08:01 923467                     /lib/x86_64-linux-gnu/libm-2.23.so
7f9d121d1000-7f9d12eaa000 r-xp 00000000 08:01 669740                     /home/xielinjun/java/jdk1.8.0_171/jre/lib/amd64/server/libjvm.so
7f9d12eaa000-7f9d130a9000 ---p 00cd9000 08:01 669740                     /home/xielinjun/java/jdk1.8.0_171/jre/lib/amd64/server/libjvm.so
7f9d130a9000-7f9d13183000 rw-p 00cd8000 08:01 669740                     /home/xielinjun/java/jdk1.8.0_171/jre/lib/amd64/server/libjvm.so
7f9d13183000-7f9d131ce000 rw-p 00000000 00:00 0 
7f9d131ce000-7f9d1338e000 r-xp 00000000 08:01 923397                     /lib/x86_64-linux-gnu/libc-2.23.so
7f9d1338e000-7f9d1358e000 ---p 001c0000 08:01 923397                     /lib/x86_64-linux-gnu/libc-2.23.so
7f9d1358e000-7f9d13592000 r--p 001c0000 08:01 923397                     /lib/x86_64-linux-gnu/libc-2.23.so
7f9d13592000-7f9d13594000 rw-p 001c4000 08:01 923397                     /lib/x86_64-linux-gnu/libc-2.23.so
7f9d13594000-7f9d13598000 rw-p 00000000 00:00 0 
7f9d13598000-7f9d1359b000 r-xp 00000000 08:01 923421                     /lib/x86_64-linux-gnu/libdl-2.23.so
7f9d1359b000-7f9d1379a000 ---p 00003000 08:01 923421                     /lib/x86_64-linux-gnu/libdl-2.23.so
7f9d1379a000-7f9d1379b000 r--p 00002000 08:01 923421                     /lib/x86_64-linux-gnu/libdl-2.23.so
7f9d1379b000-7f9d1379c000 rw-p 00003000 08:01 923421                     /lib/x86_64-linux-gnu/libdl-2.23.so
7f9d1379c000-7f9d137b2000 r-xp 00000000 08:01 1064677                    /home/xielinjun/java/jdk1.8.0_171/lib/amd64/jli/libjli.so
7f9d137b2000-7f9d139b1000 ---p 00016000 08:01 1064677                    /home/xielinjun/java/jdk1.8.0_171/lib/amd64/jli/libjli.so
7f9d139b1000-7f9d139b2000 rw-p 00015000 08:01 1064677                    /home/xielinjun/java/jdk1.8.0_171/lib/amd64/jli/libjli.so
7f9d139b2000-7f9d139ca000 r-xp 00000000 08:01 923543                     /lib/x86_64-linux-gnu/libpthread-2.23.so
7f9d139ca000-7f9d13bc9000 ---p 00018000 08:01 923543                     /lib/x86_64-linux-gnu/libpthread-2.23.so
7f9d13bc9000-7f9d13bca000 r--p 00017000 08:01 923543                     /lib/x86_64-linux-gnu/libpthread-2.23.so
7f9d13bca000-7f9d13bcb000 rw-p 00018000 08:01 923543                     /lib/x86_64-linux-gnu/libpthread-2.23.so
7f9d13bcb000-7f9d13bcf000 rw-p 00000000 00:00 0 
7f9d13bcf000-7f9d13bf5000 r-xp 00000000 08:01 923369                     /lib/x86_64-linux-gnu/ld-2.23.so
7f9d13bf6000-7f9d13bff000 r--s 0006d000 08:01 1064766                    /home/xielinjun/java/jdk1.8.0_171/jre/lib/javaws.jar
7f9d13bff000-7f9d13c1a000 r--s 0020c000 08:01 1064757                    /home/xielinjun/java/jdk1.8.0_171/jre/lib/deploy.jar
7f9d13c1a000-7f9d13cd8000 rw-p 00000000 00:00 0 
7f9d13cd8000-7f9d13cdb000 ---p 00000000 00:00 0 
7f9d13cdb000-7f9d13dde000 rw-p 00000000 00:00 0 
7f9d13dde000-7f9d13ddf000 r--s 00000000 08:01 1064763                    /home/xielinjun/java/jdk1.8.0_171/jre/lib/management-agent.jar
7f9d13ddf000-7f9d13de1000 r--s 00007000 08:01 1064860                    /home/xielinjun/java/jdk1.8.0_171/jre/lib/jfxswt.jar
7f9d13de1000-7f9d13de4000 r--s 0001a000 08:01 1064858                    /home/xielinjun/java/jdk1.8.0_171/jre/lib/jce.jar
7f9d13de4000-7f9d13de9000 r--s 002f9000 08:01 1064801                    /home/xielinjun/java/jdk1.8.0_171/jre/lib/charsets.jar
7f9d13de9000-7f9d13dea000 r--s 00002000 08:01 938587                     /home/xielinjun/soft/idea-IU-181.4668.68/lib/rt/debugger-agent-storage.jar
7f9d13dea000-7f9d13df2000 rw-s 00000000 08:01 153992                     /tmp/hsperfdata_xielinjun/17516
7f9d13df2000-7f9d13df3000 rw-p 00000000 00:00 0 
7f9d13df3000-7f9d13df4000 ---p 00000000 00:00 0 
7f9d13df4000-7f9d13df5000 r--p 00025000 08:01 923369                     /lib/x86_64-linux-gnu/ld-2.23.so
7f9d13df5000-7f9d13df6000 rw-p 00026000 08:01 923369                     /lib/x86_64-linux-gnu/ld-2.23.so
7f9d13df6000-7f9d13df7000 rw-p 00000000 00:00 0 
7ffdff13e000-7ffdff160000 rw-p 00000000 00:00 0                          [stack]
7ffdff1cf000-7ffdff1d2000 r--p 00000000 00:00 0                          [vvar]
7ffdff1d2000-7ffdff1d4000 r-xp 00000000 00:00 0                          [vdso]
ffffffffff600000-ffffffffff601000 r-xp 00000000 00:00 0                  [vsyscall]

VM Arguments:
jvm_args: -agentlib:jdwp=transport=dt_socket,address=127.0.0.1:41787,suspend=y,server=n -javaagent:/home/xielinjun/soft/idea-IU-181.4668.68/lib/rt/debugger-agent.jar=file:/tmp/capture.props -Dfile.encoding=UTF-8 
java_command: com.xlj.App
java_class_path (initial): /home/xielinjun/java/jdk1.8.0_171/jre/lib/charsets.jar:/home/xielinjun/java/jdk1.8.0_171/jre/lib/deploy.jar:/home/xielinjun/java/jdk1.8.0_171/jre/lib/ext/cldrdata.jar:/home/xielinjun/java/jdk1.8.0_171/jre/lib/ext/dnsns.jar:/home/xielinjun/java/jdk1.8.0_171/jre/lib/ext/jaccess.jar:/home/xielinjun/java/jdk1.8.0_171/jre/lib/ext/jfxrt.jar:/home/xielinjun/java/jdk1.8.0_171/jre/lib/ext/localedata.jar:/home/xielinjun/java/jdk1.8.0_171/jre/lib/ext/nashorn.jar:/home/xielinjun/java/jdk1.8.0_171/jre/lib/ext/sunec.jar:/home/xielinjun/java/jdk1.8.0_171/jre/lib/ext/sunjce_provider.jar:/home/xielinjun/java/jdk1.8.0_171/jre/lib/ext/sunpkcs11.jar:/home/xielinjun/java/jdk1.8.0_171/jre/lib/ext/zipfs.jar:/home/xielinjun/java/jdk1.8.0_171/jre/lib/javaws.jar:/home/xielinjun/java/jdk1.8.0_171/jre/lib/jce.jar:/home/xielinjun/java/jdk1.8.0_171/jre/lib/jfr.jar:/home/xielinjun/java/jdk1.8.0_171/jre/lib/jfxswt.jar:/home/xielinjun/java/jdk1.8.0_171/jre/lib/jsse.jar:/home/xielinjun/java/jdk1.8.0_171/jre/lib/management-agent.jar:/home/xielinjun/java/jdk1.8.0_171/jre/lib/plugin.jar:/home/xielinjun/java/jdk1.8.0_171/jre/lib/resources.jar:/home/xielinjun/java/jdk1.8.0_171/jre/lib/rt.jar:/home/xielinjun/IdeaProjects/demo/springtest/target/classes:/home/xielinjun/.m2/repository/org/springframework/spring-core/5.0.6.RELEASE/spring-core-5.0.6.RELEASE.jar:/home/xielinjun/.m2/repository/org/springframework/spring-jcl/5.0.6.RELEASE/spring-jcl-5.0.6.RELEASE.jar:/home/xielinjun/.m2/repository/org/springframework/spring-beans/5.0.6.RELEASE/spring-beans-5.0.6.RELEASE.jar:/home/xielinjun/.m2/repository/org/springframework/spring-context/5.0.6.RELEASE/spring-context-5.0.6.RELEASE.jar:/home/xielinjun/.m2/repository/org/springframework/spring-aop/5.0.6.RELEASE/spring-aop-5.0.6.RELEASE.jar:/home/xielinjun/.m2/repository/org/springframework/spring-expression/5.0.6.RELEASE/spring-expression-5.0.6.RELEASE.jar:/home/xielinjun/soft/idea-IU-181.4668.68/lib/idea_rt.jar:/home/xielinjun/soft/ide
Launcher Type: SUN_STANDARD

Environment Variables:
JAVA_HOME=/home/xielinjun/java/jdk1.8.0_171
JRE_HOME=/home/xielinjun/java/jdk1.8.0_171/jre
CLASSPATH=/home/xielinjun/soft/idea-IU-181.4668.68/lib/bootstrap.jar:/home/xielinjun/soft/idea-IU-181.4668.68/lib/extensions.jar:/home/xielinjun/soft/idea-IU-181.4668.68/lib/util.jar:/home/xielinjun/soft/idea-IU-181.4668.68/lib/jdom.jar:/home/xielinjun/soft/idea-IU-181.4668.68/lib/log4j.jar:/home/xielinjun/soft/idea-IU-181.4668.68/lib/trove4j.jar:/home/xielinjun/soft/idea-IU-181.4668.68/lib/jna.jar:/home/xielinjun/soft/idea-IU-181.4668.68/jre64/lib/tools.jar
PATH=.:/home/xielinjun/activmq/apache-activemq-5.15.3/bin:.:/home/xielinjun/mavenserver/nexus-3.10.0-04/bin:.:/home/xielinjun/maven/apache-maven-3.5.3/bin:.:/home/xielinjun/soft/idea-IU-181.4668.68/bin:.:/home/xielinjun/tomcat/apache-tomcat-9.0.7/bin:.:/home/xielinjun/java/jdk1.8.0_171/bin:.:/home/xielinjun/soft/zookeeper-3.4.10/bin:/home/xielinjun/bin:/home/xielinjun/.local/bin:/usr/local/sbin:/usr/local/bin:/usr/sbin:/usr/bin:/sbin:/bin:/usr/games:/usr/local/games:/snap/bin
SHELL=/bin/bash
DISPLAY=:0

Signal Handlers:
SIGSEGV: [libjvm.so+0xad0890], sa_mask[0]=11111111011111111101111111111110, sa_flags=SA_RESTART|SA_SIGINFO
SIGBUS: [libjvm.so+0xad0890], sa_mask[0]=11111111011111111101111111111110, sa_flags=SA_RESTART|SA_SIGINFO
SIGFPE: [libjvm.so+0x928640], sa_mask[0]=11111111011111111101111111111110, sa_flags=SA_RESTART|SA_SIGINFO
SIGPIPE: [libjvm.so+0x928640], sa_mask[0]=11111111011111111101111111111110, sa_flags=SA_RESTART|SA_SIGINFO
SIGXFSZ: [libjvm.so+0x928640], sa_mask[0]=11111111011111111101111111111110, sa_flags=SA_RESTART|SA_SIGINFO
SIGILL: [libjvm.so+0x928640], sa_mask[0]=11111111011111111101111111111110, sa_flags=SA_RESTART|SA_SIGINFO
SIGUSR1: SIG_DFL, sa_mask[0]=00000000000000000000000000000000, sa_flags=none
SIGUSR2: [libjvm.so+0x929ea0], sa_mask[0]=00100000000000000000000000000000, sa_flags=SA_RESTART|SA_SIGINFO
SIGHUP: [libjvm.so+0x92b2a0], sa_mask[0]=11111111011111111101111111111110, sa_flags=SA_RESTART|SA_SIGINFO
SIGINT: [libjvm.so+0x92b2a0], sa_mask[0]=11111111011111111101111111111110, sa_flags=SA_RESTART|SA_SIGINFO
SIGTERM: [libjvm.so+0x92b2a0], sa_mask[0]=11111111011111111101111111111110, sa_flags=SA_RESTART|SA_SIGINFO
SIGQUIT: [libjvm.so+0x92b2a0], sa_mask[0]=11111111011111111101111111111110, sa_flags=SA_RESTART|SA_SIGINFO


---------------  S Y S T E M  ---------------

OS:DISTRIB_ID=Ubuntu
DISTRIB_RELEASE=16.04
DISTRIB_CODENAME=xenial
DISTRIB_DESCRIPTION="Ubuntu 16.04.4 LTS"

uname:Linux 4.13.0-43-generic #48~16.04.1-Ubuntu SMP Thu May 17 12:56:46 UTC 2018 x86_64
libc:glibc 2.23 NPTL 2.23 
rlimit: STACK 8192k, CORE 0k, NPROC 15481, NOFILE 1048576, AS infinity
load average:1.42 1.37 2.20

/proc/meminfo:
MemTotal:        4016432 kB
MemFree:           87800 kB
MemAvailable:          0 kB
Buffers:             448 kB
Cached:           164764 kB
SwapCached:          340 kB
Active:          2463800 kB
Inactive:         619008 kB
Active(anon):    2457988 kB
Inactive(anon):   614572 kB
Active(file):       5812 kB
Inactive(file):     4436 kB
Unevictable:          48 kB
Mlocked:              48 kB
SwapTotal:       1046524 kB
SwapFree:              0 kB
Dirty:               104 kB
Writeback:           144 kB
AnonPages:       2917420 kB
Mapped:            11452 kB
Shmem:            154856 kB
Slab:              96680 kB
SReclaimable:      38572 kB
SUnreclaim:        58108 kB
KernelStack:       13632 kB
PageTables:        39228 kB
NFS_Unstable:          0 kB
Bounce:                0 kB
WritebackTmp:          0 kB
CommitLimit:     3054740 kB
Committed_AS:    8527356 kB
VmallocTotal:   34359738367 kB
VmallocUsed:           0 kB
VmallocChunk:          0 kB
HardwareCorrupted:     0 kB
AnonHugePages:         0 kB
ShmemHugePages:        0 kB
ShmemPmdMapped:        0 kB
CmaTotal:              0 kB
CmaFree:               0 kB
HugePages_Total:       0
HugePages_Free:        0
HugePages_Rsvd:        0
HugePages_Surp:        0
Hugepagesize:       2048 kB
DirectMap4k:      104256 kB
DirectMap2M:     4089856 kB
DirectMap1G:     2097152 kB


CPU:total 4 (initial active 4) (2 cores per cpu, 1 threads per core) family 6 model 78 stepping 3, cmov, cx8, fxsr, mmx, sse, sse2, sse3, ssse3, sse4.1, sse4.2, popcnt, avx, avx2, aes, clmul, erms, rtm, 3dnowpref, lzcnt, tsc, tscinvbit, bmi1, bmi2, adx

/proc/cpuinfo:
processor	: 0
vendor_id	: GenuineIntel
cpu family	: 6
model		: 78
model name	: Intel(R) Core(TM) i5-6300U CPU @ 2.40GHz
stepping	: 3
microcode	: 0xc2
cpu MHz		: 2495.997
cache size	: 3072 KB
physical id	: 0
siblings	: 2
core id		: 0
cpu cores	: 2
apicid		: 0
initial apicid	: 0
fpu		: yes
fpu_exception	: yes
cpuid level	: 22
wp		: yes
flags		: fpu vme de pse tsc msr pae mce cx8 apic sep mtrr pge mca cmov pat pse36 clflush mmx fxsr sse sse2 ss ht syscall nx pdpe1gb rdtscp lm constant_tsc arch_perfmon nopl xtopology tsc_reliable nonstop_tsc cpuid pni pclmulqdq ssse3 fma cx16 pcid sse4_1 sse4_2 x2apic movbe popcnt tsc_deadline_timer aes xsave avx f16c rdrand hypervisor lahf_lm abm 3dnowprefetch cpuid_fault invpcid_single pti retpoline rsb_ctxsw spec_ctrl fsgsbase tsc_adjust bmi1 hle avx2 smep bmi2 invpcid rtm mpx rdseed adx smap clflushopt xsaveopt xsavec xsaves arat
bugs		: cpu_meltdown spectre_v1 spectre_v2 spec_store_bypass
bogomips	: 4991.99
clflush size	: 64
cache_alignment	: 64
address sizes	: 43 bits physical, 48 bits virtual
power management:

processor	: 1
vendor_id	: GenuineIntel
cpu family	: 6
model		: 78
model name	: Intel(R) Core(TM) i5-6300U CPU @ 2.40GHz
stepping	: 3
microcode	: 0xc2
cpu MHz		: 2495.997
cache size	: 3072 KB
physical id	: 0
siblings	: 2
core id		: 1
cpu cores	: 2
apicid		: 1
initial apicid	: 1
fpu		: yes
fpu_exception	: yes
cpuid level	: 22
wp		: yes
flags		: fpu vme de pse tsc msr pae mce cx8 apic sep mtrr pge mca cmov pat pse36 clflush mmx fxsr sse sse2 ss ht syscall nx pdpe1gb rdtscp lm constant_tsc arch_perfmon nopl xtopology tsc_reliable nonstop_tsc cpuid pni pclmulqdq ssse3 fma cx16 pcid sse4_1 sse4_2 x2apic movbe popcnt tsc_deadline_timer aes xsave avx f16c rdrand hypervisor lahf_lm abm 3dnowprefetch cpuid_fault invpcid_single pti retpoline rsb_ctxsw spec_ctrl fsgsbase tsc_adjust bmi1 hle avx2 smep bmi2 invpcid rtm mpx rdseed adx smap clflushopt xsaveopt xsavec xsaves arat
bugs		: cpu_meltdown spectre_v1 spectre_v2 spec_store_bypass
bogomips	: 4991.99
clflush size	: 64
cache_alignment	: 64
address sizes	: 43 bits physical, 48 bits virtual
power management:

processor	: 2
vendor_id	: GenuineIntel
cpu family	: 6
model		: 78
model name	: Intel(R) Core(TM) i5-6300U CPU @ 2.40GHz
stepping	: 3
microcode	: 0xc2
cpu MHz		: 2495.997
cache size	: 3072 KB
physical id	: 1
siblings	: 2
core id		: 0
cpu cores	: 2
apicid		: 2
initial apicid	: 2
fpu		: yes
fpu_exception	: yes
cpuid level	: 22
wp		: yes
flags		: fpu vme de pse tsc msr pae mce cx8 apic sep mtrr pge mca cmov pat pse36 clflush mmx fxsr sse sse2 ss ht syscall nx pdpe1gb rdtscp lm constant_tsc arch_perfmon nopl xtopology tsc_reliable nonstop_tsc cpuid pni pclmulqdq ssse3 fma cx16 pcid sse4_1 sse4_2 x2apic movbe popcnt tsc_deadline_timer aes xsave avx f16c rdrand hypervisor lahf_lm abm 3dnowprefetch cpuid_fault invpcid_single pti retpoline rsb_ctxsw spec_ctrl fsgsbase tsc_adjust bmi1 hle avx2 smep bmi2 invpcid rtm mpx rdseed adx smap clflushopt xsaveopt xsavec xsaves arat
bugs		: cpu_meltdown spectre_v1 spectre_v2 spec_store_bypass
bogomips	: 4991.99
clflush size	: 64
cache_alignment	: 64
address sizes	: 43 bits physical, 48 bits virtual
power management:

processor	: 3
vendor_id	: GenuineIntel
cpu family	: 6
model		: 78
model name	: Intel(R) Core(TM) i5-6300U CPU @ 2.40GHz
stepping	: 3
microcode	: 0xc2
cpu MHz		: 2495.997
cache size	: 3072 KB
physical id	: 1
siblings	: 2
core id		: 1
cpu cores	: 2
apicid		: 3
initial apicid	: 3
fpu		: yes
fpu_exception	: yes
cpuid level	: 22
wp		: yes
flags		: fpu vme de pse tsc msr pae mce cx8 apic sep mtrr pge mca cmov pat pse36 clflush mmx fxsr sse sse2 ss ht syscall nx pdpe1gb rdtscp lm constant_tsc arch_perfmon nopl xtopology tsc_reliable nonstop_tsc cpuid pni pclmulqdq ssse3 fma cx16 pcid sse4_1 sse4_2 x2apic movbe popcnt tsc_deadline_timer aes xsave avx f16c rdrand hypervisor lahf_lm abm 3dnowprefetch cpuid_fault invpcid_single pti retpoline rsb_ctxsw spec_ctrl fsgsbase tsc_adjust bmi1 hle avx2 smep bmi2 invpcid rtm mpx rdseed adx smap clflushopt xsaveopt xsavec xsaves arat
bugs		: cpu_meltdown spectre_v1 spectre_v2 spec_store_bypass
bogomips	: 4991.99
clflush size	: 64
cache_alignment	: 64
address sizes	: 43 bits physical, 48 bits virtual
power management:



Memory: 4k page, physical 4016432k(89640k free), swap 1046524k(0k free)

vm_info: Java HotSpot(TM) 64-Bit Server VM (25.171-b11) for linux-amd64 JRE (1.8.0_171-b11), built on Mar 28 2018 17:07:08 by "java_re" with gcc 4.3.0 20080428 (Red Hat 4.3.0-8)

time: Mon Jun 11 15:55:54 2018
elapsed time: 7 seconds (0d 0h 0m 7s)

