#
# There is insufficient memory for the Java Runtime Environment to continue.
# Native memory allocation (mmap) failed to map 32505856 bytes for committing reserved memory.
# Possible reasons:
#   The system is out of physical RAM or swap space
#   In 32 bit mode, the process size limit was hit
# Possible solutions:
#   Reduce memory load on the system
#   Increase physical memory or swap space
#   Check if swap backing store is full
#   Use 64 bit Java on a 64 bit OS
#   Decrease Java heap size (-Xmx/-Xms)
#   Decrease number of Java threads
#   Decrease Java thread stack sizes (-Xss)
#   Set larger code cache with -XX:ReservedCodeCacheSize=
# This output file may be truncated or incomplete.
#
#  Out of Memory Error (os_linux.cpp:2640), pid=7948, tid=0x00007fc0c5543700
#
# JRE version: Java(TM) SE Runtime Environment (8.0_171-b11) (build 1.8.0_171-b11)
# Java VM: Java HotSpot(TM) 64-Bit Server VM (25.171-b11 mixed mode linux-amd64 compressed oops)
# Failed to write core dump. Core dumps have been disabled. To enable core dumping, try "ulimit -c unlimited" before starting Java again
#

---------------  T H R E A D  ---------------

Current thread (0x00007fc0dc141800):  VMThread [stack: 0x00007fc0c5443000,0x00007fc0c5544000] [id=7961]

Stack: [0x00007fc0c5443000,0x00007fc0c5544000],  sp=0x00007fc0c5542320,  free space=1020k
Native frames: (J=compiled Java code, j=interpreted, Vv=VM code, C=native code)
V  [libjvm.so+0xacfffa]  VMError::report_and_die()+0x2ba
V  [libjvm.so+0x5005cb]  report_vm_out_of_memory(char const*, int, unsigned long, VMErrorType, char const*)+0x8b
V  [libjvm.so+0x92dd93]  os::Linux::commit_memory_impl(char*, unsigned long, bool)+0x123
V  [libjvm.so+0x92dfb9]  os::pd_commit_memory(char*, unsigned long, unsigned long, bool)+0x29
V  [libjvm.so+0x92527a]  os::commit_memory(char*, unsigned long, unsigned long, bool)+0x2a
V  [libjvm.so+0x99b223]  PSVirtualSpace::expand_by(unsigned long)+0x53
V  [libjvm.so+0x99c628]  PSYoungGen::resize_generation(unsigned long, unsigned long)+0xf8
V  [libjvm.so+0x99b782]  PSYoungGen::resize(unsigned long, unsigned long)+0x22
V  [libjvm.so+0x998a5b]  PSScavenge::invoke_no_policy()+0xf3b
V  [libjvm.so+0x9991e1]  PSScavenge::invoke()+0x41
V  [libjvm.so+0x94fcb0]  ParallelScavengeHeap::failed_mem_allocate(unsigned long)+0x70
V  [libjvm.so+0xad1a77]  VM_ParallelGCFailedAllocation::doit()+0x97
V  [libjvm.so+0xad9595]  VM_Operation::evaluate()+0x55
V  [libjvm.so+0xad795a]  VMThread::evaluate_operation(VM_Operation*)+0xba
V  [libjvm.so+0xad7cde]  VMThread::loop()+0x1ce
V  [libjvm.so+0xad8150]  VMThread::run()+0x70
V  [libjvm.so+0x92e0f8]  java_start(Thread*)+0x108

VM_Operation (0x00007fc0e3c6db70): ParallelGCFailedAllocation, mode: safepoint, requested by thread 0x00007fc0dc00c800


---------------  P R O C E S S  ---------------

Java Threads: ( => current thread )
  0x00007fc0dc580000 JavaThread "dubbo-remoting-client-heartbeat-thread-1" daemon [_thread_blocked, id=7991, stack(0x00007fc0bc1c3000,0x00007fc0bc2c4000)]
  0x00007fc084005000 JavaThread "DubboClientHandler-192.168.249.138:8971-thread-1" daemon [_thread_blocked, id=7990, stack(0x00007fc0bc2c4000,0x00007fc0bc3c5000)]
  0x00007fc08001b800 JavaThread "New I/O client worker #1-1" daemon [_thread_blocked, id=7989, stack(0x00007fc0bc3c5000,0x00007fc0bc4c6000)]
  0x00007fc0dc57f000 JavaThread "New I/O client boss #1" daemon [_thread_blocked, id=7988, stack(0x00007fc0bc4c6000,0x00007fc0bc5c7000)]
  0x00007fc0dc4e1000 JavaThread "DubboClientReconnectTimer-thread-1" daemon [_thread_blocked, id=7982, stack(0x00007fc0bc7d8000,0x00007fc0bc8d9000)]
  0x00007fc0dc295800 JavaThread "Service Thread" daemon [_thread_blocked, id=7977, stack(0x00007fc0c400f000,0x00007fc0c4110000)]
  0x00007fc0dc290800 JavaThread "C1 CompilerThread2" daemon [_thread_blocked, id=7976, stack(0x00007fc0c4327000,0x00007fc0c4428000)]
  0x00007fc0dc28d000 JavaThread "C2 CompilerThread1" daemon [_thread_blocked, id=7975, stack(0x00007fc0c4428000,0x00007fc0c4529000)]
  0x00007fc0dc28b800 JavaThread "C2 CompilerThread0" daemon [_thread_blocked, id=7974, stack(0x00007fc0c4529000,0x00007fc0c462a000)]
  0x00007fc0dc281000 JavaThread "Monitor Ctrl-Break" daemon [_thread_in_native, id=7973, stack(0x00007fc0c462a000,0x00007fc0c472b000)]
  0x00007fc0dc181000 JavaThread "Signal Dispatcher" daemon [_thread_blocked, id=7970, stack(0x00007fc0c4781000,0x00007fc0c4882000)]
  0x00007fc0dc14e000 JavaThread "Finalizer" daemon [_thread_blocked, id=7965, stack(0x00007fc0c5241000,0x00007fc0c5342000)]
  0x00007fc0dc149800 JavaThread "Reference Handler" daemon [_thread_blocked, id=7963, stack(0x00007fc0c5342000,0x00007fc0c5443000)]
  0x00007fc0dc00c800 JavaThread "main" [_thread_blocked, id=7949, stack(0x00007fc0e3b71000,0x00007fc0e3c72000)]

Other Threads:
=>0x00007fc0dc141800 VMThread [stack: 0x00007fc0c5443000,0x00007fc0c5544000] [id=7961]
  0x00007fc0dc298800 WatcherThread [stack: 0x00007fc0bcefe000,0x00007fc0bcfff000] [id=7978]

VM state:at safepoint (normal execution)

VM Mutex/Monitor currently owned by a thread:  ([mutex/lock_event])
[0x00007fc0dc008fe0] Threads_lock - owner thread: 0x00007fc0dc141800
[0x00007fc0dc0094e0] Heap_lock - owner thread: 0x00007fc0dc00c800

Heap:
 PSYoungGen      total 34304K, used 2531K [0x00000000eb900000, 0x00000000edd00000, 0x0000000100000000)
  eden space 31744K, 0% used [0x00000000eb900000,0x00000000eb900000,0x00000000ed800000)
  from space 2560K, 98% used [0x00000000ed800000,0x00000000eda78e48,0x00000000eda80000)
  to   space 2560K, 0% used [0x00000000eda80000,0x00000000eda80000,0x00000000edd00000)
 ParOldGen       total 42496K, used 3376K [0x00000000c2a00000, 0x00000000c5380000, 0x00000000eb900000)
  object space 42496K, 7% used [0x00000000c2a00000,0x00000000c2d4c1c0,0x00000000c5380000)
 Metaspace       used 13743K, capacity 13946K, committed 14208K, reserved 1062912K
  class space    used 1592K, capacity 1664K, committed 1664K, reserved 1048576K

Card table byte_map: [0x00007fc0e050c000,0x00007fc0e06f8000] byte_map_base: 0x00007fc0dfef7000

Marking Bits: (ParMarkBitMap*) 0x00007fc0e303a280
 Begin Bits: [0x00007fc0c6150000, 0x00007fc0c70a8000)
 End Bits:   [0x00007fc0c70a8000, 0x00007fc0c8000000)

Polling page: 0x00007fc0e3c8c000

CodeCache: size=245760Kb used=4465Kb max_used=4465Kb free=241294Kb
 bounds [0x00007fc0cd000000, 0x00007fc0cd460000, 0x00007fc0dc000000]
 total_blobs=1568 nmethods=1218 adapters=263
 compilation: enabled

Compilation events (10 events):
Event: 5.073 Thread 0x00007fc0dc290800 nmethod 1216 0x00007fc0cd45c490 code [0x00007fc0cd45c600, 0x00007fc0cd45c828]
Event: 5.073 Thread 0x00007fc0dc290800 1215       1       javassist.compiler.ast.CallExpr::getMethod (5 bytes)
Event: 5.074 Thread 0x00007fc0dc290800 nmethod 1215 0x00007fc0cd45c1d0 code [0x00007fc0cd45c320, 0x00007fc0cd45c430]
Event: 5.079 Thread 0x00007fc0dc28b800 1217       4       java.util.jar.JarFile$JarEntryIterator::hasMoreElements (5 bytes)
Event: 5.081 Thread 0x00007fc0dc290800 1221       3       java.lang.StringBuilder::append (6 bytes)
Event: 5.082 Thread 0x00007fc0dc290800 nmethod 1221 0x00007fc0cd45bd10 code [0x00007fc0cd45be80, 0x00007fc0cd45c0e8]
Event: 5.082 Thread 0x00007fc0dc290800 1219       3       java.util.Locale::hashCode (41 bytes)
Event: 5.083 Thread 0x00007fc0dc290800 nmethod 1219 0x00007fc0cd45b710 code [0x00007fc0cd45b8a0, 0x00007fc0cd45bc18]
Event: 5.084 Thread 0x00007fc0dc290800 1223       3       java.lang.AbstractStringBuilder::append (54 bytes)
Event: 5.085 Thread 0x00007fc0dc290800 nmethod 1223 0x00007fc0cd45aad0 code [0x00007fc0cd45aca0, 0x00007fc0cd45b5a8]

GC Heap History (5 events):
Event: 1.290 GC heap before
{Heap before GC invocations=1 (full 0):
 PSYoungGen      total 18432K, used 15872K [0x00000000eb900000, 0x00000000ecd80000, 0x0000000100000000)
  eden space 15872K, 100% used [0x00000000eb900000,0x00000000ec880000,0x00000000ec880000)
  from space 2560K, 0% used [0x00000000ecb00000,0x00000000ecb00000,0x00000000ecd80000)
  to   space 2560K, 0% used [0x00000000ec880000,0x00000000ec880000,0x00000000ecb00000)
 ParOldGen       total 42496K, used 0K [0x00000000c2a00000, 0x00000000c5380000, 0x00000000eb900000)
  object space 42496K, 0% used [0x00000000c2a00000,0x00000000c2a00000,0x00000000c5380000)
 Metaspace       used 4748K, capacity 5312K, committed 5504K, reserved 1056768K
  class space    used 539K, capacity 560K, committed 640K, reserved 1048576K
Event: 1.344 GC heap after
Heap after GC invocations=1 (full 0):
 PSYoungGen      total 18432K, used 1897K [0x00000000eb900000, 0x00000000edd00000, 0x0000000100000000)
  eden space 15872K, 0% used [0x00000000eb900000,0x00000000eb900000,0x00000000ec880000)
  from space 2560K, 74% used [0x00000000ec880000,0x00000000eca5a450,0x00000000ecb00000)
  to   space 2560K, 0% used [0x00000000eda80000,0x00000000eda80000,0x00000000edd00000)
 ParOldGen       total 42496K, used 8K [0x00000000c2a00000, 0x00000000c5380000, 0x00000000eb900000)
  object space 42496K, 0% used [0x00000000c2a00000,0x00000000c2a02000,0x00000000c5380000)
 Metaspace       used 4748K, capacity 5312K, committed 5504K, reserved 1056768K
  class space    used 539K, capacity 560K, committed 640K, reserved 1048576K
}
Event: 2.702 GC heap before
{Heap before GC invocations=2 (full 0):
 PSYoungGen      total 18432K, used 17769K [0x00000000eb900000, 0x00000000edd00000, 0x0000000100000000)
  eden space 15872K, 100% used [0x00000000eb900000,0x00000000ec880000,0x00000000ec880000)
  from space 2560K, 74% used [0x00000000ec880000,0x00000000eca5a450,0x00000000ecb00000)
  to   space 2560K, 0% used [0x00000000eda80000,0x00000000eda80000,0x00000000edd00000)
 ParOldGen       total 42496K, used 8K [0x00000000c2a00000, 0x00000000c5380000, 0x00000000eb900000)
  object space 42496K, 0% used [0x00000000c2a00000,0x00000000c2a02000,0x00000000c5380000)
 Metaspace       used 9991K, capacity 10102K, committed 10240K, reserved 1058816K
  class space    used 1133K, capacity 1172K, committed 1280K, reserved 1048576K
Event: 2.710 GC heap after
Heap after GC invocations=2 (full 0):
 PSYoungGen      total 34304K, used 2534K [0x00000000eb900000, 0x00000000edd00000, 0x0000000100000000)
  eden space 31744K, 0% used [0x00000000eb900000,0x00000000eb900000,0x00000000ed800000)
  from space 2560K, 99% used [0x00000000eda80000,0x00000000edcf9a20,0x00000000edd00000)
  to   space 2560K, 0% used [0x00000000ed800000,0x00000000ed800000,0x00000000eda80000)
 ParOldGen       total 42496K, used 648K [0x00000000c2a00000, 0x00000000c5380000, 0x00000000eb900000)
  object space 42496K, 1% used [0x00000000c2a00000,0x00000000c2aa2310,0x00000000c5380000)
 Metaspace       used 9991K, capacity 10102K, committed 10240K, reserved 1058816K
  class space    used 1133K, capacity 1172K, committed 1280K, reserved 1048576K
}
Event: 5.113 GC heap before
{Heap before GC invocations=3 (full 0):
 PSYoungGen      total 34304K, used 34277K [0x00000000eb900000, 0x00000000edd00000, 0x0000000100000000)
  eden space 31744K, 99% used [0x00000000eb900000,0x00000000ed7ffce8,0x00000000ed800000)
  from space 2560K, 99% used [0x00000000eda80000,0x00000000edcf9a20,0x00000000edd00000)
  to   space 2560K, 0% used [0x00000000ed800000,0x00000000ed800000,0x00000000eda80000)
 ParOldGen       total 42496K, used 648K [0x00000000c2a00000, 0x00000000c5380000, 0x00000000eb900000)
  object space 42496K, 1% used [0x00000000c2a00000,0x00000000c2aa2310,0x00000000c5380000)
 Metaspace       used 13743K, capacity 13946K, committed 14208K, reserved 1062912K
  class space    used 1592K, capacity 1664K, committed 1664K, reserved 1048576K

Deoptimization events (10 events):
Event: 2.290 Thread 0x00007fc0dc00c800 Uncommon trap: reason=unstable_if action=reinterpret pc=0x00007fc0cd2768cc method=java.util.HashMap.getNode(ILjava/lang/Object;)Ljava/util/HashMap$Node; @ 62
Event: 2.561 Thread 0x00007fc0dc00c800 Uncommon trap: reason=unstable_if action=reinterpret pc=0x00007fc0cd1a6ad4 method=java.lang.String.replace(CC)Ljava/lang/String; @ 26
Event: 3.428 Thread 0x00007fc0dc00c800 Uncommon trap: reason=unstable_if action=reinterpret pc=0x00007fc0cd3159dc method=java.io.UnixFileSystem.normalize(Ljava/lang/String;)Ljava/lang/String; @ 60
Event: 3.873 Thread 0x00007fc0dc00c800 Uncommon trap: reason=unstable_if action=reinterpret pc=0x00007fc0cd279494 method=java.lang.String.indexOf([CII[CIII)I @ 3
Event: 4.904 Thread 0x00007fc0dc00c800 Uncommon trap: reason=unstable_if action=reinterpret pc=0x00007fc0cd3b8934 method=java.util.regex.Pattern$Curly.match0(Ljava/util/regex/Matcher;IILjava/lang/CharSequence;)Z @ 66
Event: 4.904 Thread 0x00007fc0dc00c800 Uncommon trap: reason=unstable_if action=reinterpret pc=0x00007fc0cd3173ec method=java.util.regex.Pattern$BmpCharProperty.match(Ljava/util/regex/Matcher;ILjava/lang/CharSequence;)Z @ 5
Event: 4.938 Thread 0x00007fc0dc00c800 Uncommon trap: reason=unstable_if action=reinterpret pc=0x00007fc0cd39d138 method=java.util.HashMap.getNode(ILjava/lang/Object;)Ljava/util/HashMap$Node; @ 129
Event: 4.938 Thread 0x00007fc0dc00c800 Uncommon trap: reason=class_check action=maybe_recompile pc=0x00007fc0cd34f4b4 method=java.util.HashMap.putVal(ILjava/lang/Object;Ljava/lang/Object;ZZ)Ljava/lang/Object; @ 203
Event: 4.939 Thread 0x00007fc0dc00c800 Uncommon trap: reason=unstable_if action=reinterpret pc=0x00007fc0cd37136c method=java.util.HashMap.getNode(ILjava/lang/Object;)Ljava/util/HashMap$Node; @ 129
Event: 4.939 Thread 0x00007fc0dc00c800 Uncommon trap: reason=class_check action=maybe_recompile pc=0x00007fc0cd34f4b4 method=java.util.HashMap.putVal(ILjava/lang/Object;Ljava/lang/Object;ZZ)Ljava/lang/Object; @ 203

Classes redefined (0 events):
No events

Internal exceptions (10 events):
Event: 3.306 Thread 0x00007fc0dc00c800 Exception <a 'java/lang/ArrayIndexOutOfBoundsException'> (0x00000000ec2c03f0) thrown at [/HUDSON/workspace/8-2-build-linux-amd64/jdk8u171/10807/hotspot/src/share/vm/runtime/sharedRuntime.cpp, line 605]
Event: 3.307 Thread 0x00007fc0dc00c800 Exception <a 'java/lang/ArrayIndexOutOfBoundsException'> (0x00000000ec2c2100) thrown at [/HUDSON/workspace/8-2-build-linux-amd64/jdk8u171/10807/hotspot/src/share/vm/runtime/sharedRuntime.cpp, line 605]
Event: 3.307 Thread 0x00007fc0dc00c800 Exception <a 'java/lang/ArrayIndexOutOfBoundsException'> (0x00000000ec2cd3f8) thrown at [/HUDSON/workspace/8-2-build-linux-amd64/jdk8u171/10807/hotspot/src/share/vm/runtime/sharedRuntime.cpp, line 605]
Event: 3.308 Thread 0x00007fc0dc00c800 Exception <a 'java/lang/ArrayIndexOutOfBoundsException'> (0x00000000ec2ce680) thrown at [/HUDSON/workspace/8-2-build-linux-amd64/jdk8u171/10807/hotspot/src/share/vm/runtime/sharedRuntime.cpp, line 605]
Event: 3.311 Thread 0x00007fc0dc00c800 Exception <a 'java/lang/ClassNotFoundException': com/alibaba/dubbo/config/spring/ReferenceBeanCustomizer> (0x00000000ec3066e0) thrown at [/HUDSON/workspace/8-2-build-linux-amd64/jdk8u171/10807/hotspot/src/share/vm/classfile/systemDictionary.cpp, line 210]
Event: 3.312 Thread 0x00007fc0dc00c800 Exception <a 'java/lang/ArrayIndexOutOfBoundsException'> (0x00000000ec30def8) thrown at [/HUDSON/workspace/8-2-build-linux-amd64/jdk8u171/10807/hotspot/src/share/vm/runtime/sharedRuntime.cpp, line 605]
Event: 3.312 Thread 0x00007fc0dc00c800 Exception <a 'java/lang/ArrayIndexOutOfBoundsException'> (0x00000000ec30f258) thrown at [/HUDSON/workspace/8-2-build-linux-amd64/jdk8u171/10807/hotspot/src/share/vm/runtime/sharedRuntime.cpp, line 605]
Event: 4.058 Thread 0x00007fc0dc00c800 Exception <a 'java/lang/NoClassDefFoundError': org/apache/thrift/TException> (0x00000000ecdc0e90) thrown at [/HUDSON/workspace/8-2-build-linux-amd64/jdk8u171/10807/hotspot/src/share/vm/classfile/systemDictionary.cpp, line 199]
Event: 4.494 Thread 0x00007fc0dc00c800 Exception <a 'java/lang/NoSuchFieldError': method resolution failed> (0x00000000ed160d10) thrown at [/HUDSON/workspace/8-2-build-linux-amd64/jdk8u171/10807/hotspot/src/share/vm/prims/methodHandles.cpp, line 1167]
Event: 4.497 Thread 0x00007fc0dc00c800 Exception <a 'java/lang/NoSuchFieldError': method resolution failed> (0x00000000ed16f040) thrown at [/HUDSON/workspace/8-2-build-linux-amd64/jdk8u171/10807/hotspot/src/share/vm/prims/methodHandles.cpp, line 1167]

Events (10 events):
Event: 5.073 loading class com/alibaba/dubbo/validation/Validation done
Event: 5.074 loading class com/alibaba/dubbo/validation/support/jvalidation/JValidation
Event: 5.074 loading class com/alibaba/dubbo/validation/support/jvalidation/JValidation done
Event: 5.076 loading class com/alibaba/dubbo/validation/support/AbstractValidation
Event: 5.076 loading class com/alibaba/dubbo/validation/support/AbstractValidation done
Event: 5.077 loading class com/alibaba/dubbo/validation/Validator
Event: 5.077 loading class com/alibaba/dubbo/validation/Validator done
Event: 5.080 loading class com/alibaba/dubbo/validation/Validation$Adpative
Event: 5.080 loading class com/alibaba/dubbo/validation/Validation$Adpative done
Event: 5.085 Executing VM operation: ParallelGCFailedAllocation


Dynamic libraries:
00400000-00401000 r-xp 00000000 08:01 135499                             /home/xielinjun/java/jdk1.8.0_171/bin/java
00600000-00601000 rw-p 00000000 08:01 135499                             /home/xielinjun/java/jdk1.8.0_171/bin/java
01753000-01774000 rw-p 00000000 00:00 0                                  [heap]
c2a00000-c5380000 rw-p 00000000 00:00 0 
c5380000-eb900000 ---p 00000000 00:00 0 
eb900000-edd00000 rw-p 00000000 00:00 0 
efc00000-100000000 ---p 00000000 00:00 0 
100000000-1001a0000 rw-p 00000000 00:00 0 
1001a0000-140000000 ---p 00000000 00:00 0 
7fc077e00000-7fc077e40000 rw-p 00000000 00:00 0 
7fc077e40000-7fc078000000 ---p 00000000 00:00 0 
7fc078000000-7fc078021000 rw-p 00000000 00:00 0 
7fc078021000-7fc07c000000 ---p 00000000 00:00 0 
7fc07c000000-7fc07c021000 rw-p 00000000 00:00 0 
7fc07c021000-7fc080000000 ---p 00000000 00:00 0 
7fc080000000-7fc080021000 rw-p 00000000 00:00 0 
7fc080021000-7fc084000000 ---p 00000000 00:00 0 
7fc084000000-7fc084021000 rw-p 00000000 00:00 0 
7fc084021000-7fc088000000 ---p 00000000 00:00 0 
7fc088000000-7fc088021000 rw-p 00000000 00:00 0 
7fc088021000-7fc08c000000 ---p 00000000 00:00 0 
7fc08c000000-7fc08c021000 rw-p 00000000 00:00 0 
7fc08c021000-7fc090000000 ---p 00000000 00:00 0 
7fc090000000-7fc0903cb000 rw-p 00000000 00:00 0 
7fc0903cb000-7fc094000000 ---p 00000000 00:00 0 
7fc094000000-7fc094021000 rw-p 00000000 00:00 0 
7fc094021000-7fc098000000 ---p 00000000 00:00 0 
7fc098000000-7fc098379000 rw-p 00000000 00:00 0 
7fc098379000-7fc09c000000 ---p 00000000 00:00 0 
7fc09c000000-7fc09c222000 rw-p 00000000 00:00 0 
7fc09c222000-7fc0a0000000 ---p 00000000 00:00 0 
7fc0a0000000-7fc0a0021000 rw-p 00000000 00:00 0 
7fc0a0021000-7fc0a4000000 ---p 00000000 00:00 0 
7fc0a4000000-7fc0a4021000 rw-p 00000000 00:00 0 
7fc0a4021000-7fc0a8000000 ---p 00000000 00:00 0 
7fc0a8000000-7fc0a8021000 rw-p 00000000 00:00 0 
7fc0a8021000-7fc0ac000000 ---p 00000000 00:00 0 
7fc0ac000000-7fc0ac021000 rw-p 00000000 00:00 0 
7fc0ac021000-7fc0b0000000 ---p 00000000 00:00 0 
7fc0b0000000-7fc0b0021000 rw-p 00000000 00:00 0 
7fc0b0021000-7fc0b4000000 ---p 00000000 00:00 0 
7fc0b4000000-7fc0b4293000 rw-p 00000000 00:00 0 
7fc0b4293000-7fc0b8000000 ---p 00000000 00:00 0 
7fc0b8000000-7fc0b8021000 rw-p 00000000 00:00 0 
7fc0b8021000-7fc0bc000000 ---p 00000000 00:00 0 
7fc0bc19b000-7fc0bc1a2000 r--s 00000000 08:01 1718                       /usr/lib/x86_64-linux-gnu/gconv/gconv-modules.cache
7fc0bc1a2000-7fc0bc1c3000 r--p 00000000 08:01 1067397                    /usr/share/locale-langpack/zh_CN/LC_MESSAGES/libc.mo
7fc0bc1c3000-7fc0bc1c6000 ---p 00000000 00:00 0 
7fc0bc1c6000-7fc0bc2c4000 rw-p 00000000 00:00 0 
7fc0bc2c4000-7fc0bc2c7000 ---p 00000000 00:00 0 
7fc0bc2c7000-7fc0bc3c5000 rw-p 00000000 00:00 0 
7fc0bc3c5000-7fc0bc3c8000 ---p 00000000 00:00 0 
7fc0bc3c8000-7fc0bc4c6000 rw-p 00000000 00:00 0 
7fc0bc4c6000-7fc0bc4c9000 ---p 00000000 00:00 0 
7fc0bc4c9000-7fc0bc5c7000 rw-p 00000000 00:00 0 
7fc0bc5c7000-7fc0bc5d8000 r-xp 00000000 08:01 669771                     /home/xielinjun/java/jdk1.8.0_171/jre/lib/amd64/libnio.so
7fc0bc5d8000-7fc0bc7d7000 ---p 00011000 08:01 669771                     /home/xielinjun/java/jdk1.8.0_171/jre/lib/amd64/libnio.so
7fc0bc7d7000-7fc0bc7d8000 rw-p 00010000 08:01 669771                     /home/xielinjun/java/jdk1.8.0_171/jre/lib/amd64/libnio.so
7fc0bc7d8000-7fc0bc7db000 ---p 00000000 00:00 0 
7fc0bc7db000-7fc0bcad9000 rw-p 00000000 00:00 0 
7fc0bcad9000-7fc0bcae2000 r-xp 00000000 08:01 669776                     /home/xielinjun/java/jdk1.8.0_171/jre/lib/amd64/libmanagement.so
7fc0bcae2000-7fc0bcce1000 ---p 00009000 08:01 669776                     /home/xielinjun/java/jdk1.8.0_171/jre/lib/amd64/libmanagement.so
7fc0bcce1000-7fc0bcce2000 rw-p 00008000 08:01 669776                     /home/xielinjun/java/jdk1.8.0_171/jre/lib/amd64/libmanagement.so
7fc0bcce2000-7fc0bccfe000 r--s 00393000 08:01 790053                     /home/xielinjun/java/jdk1.8.0_171/jre/lib/ext/cldrdata.jar
7fc0bccfe000-7fc0bcefe000 rw-p 00000000 00:00 0 
7fc0bcefe000-7fc0bceff000 ---p 00000000 00:00 0 
7fc0bceff000-7fc0c0000000 rw-p 00000000 00:00 0 
7fc0c0000000-7fc0c0021000 rw-p 00000000 00:00 0 
7fc0c0021000-7fc0c4000000 ---p 00000000 00:00 0 
7fc0c4005000-7fc0c400f000 r--s 00116000 08:01 790060                     /home/xielinjun/java/jdk1.8.0_171/jre/lib/ext/localedata.jar
7fc0c400f000-7fc0c4012000 ---p 00000000 00:00 0 
7fc0c4012000-7fc0c4110000 rw-p 00000000 00:00 0 
7fc0c4110000-7fc0c4126000 r-xp 00000000 08:01 669768                     /home/xielinjun/java/jdk1.8.0_171/jre/lib/amd64/libnet.so
7fc0c4126000-7fc0c4326000 ---p 00016000 08:01 669768                     /home/xielinjun/java/jdk1.8.0_171/jre/lib/amd64/libnet.so
7fc0c4326000-7fc0c4327000 rw-p 00016000 08:01 669768                     /home/xielinjun/java/jdk1.8.0_171/jre/lib/amd64/libnet.so
7fc0c4327000-7fc0c432a000 ---p 00000000 00:00 0 
7fc0c432a000-7fc0c4428000 rw-p 00000000 00:00 0 
7fc0c4428000-7fc0c442b000 ---p 00000000 00:00 0 
7fc0c442b000-7fc0c4529000 rw-p 00000000 00:00 0 
7fc0c4529000-7fc0c452c000 ---p 00000000 00:00 0 
7fc0c452c000-7fc0c462a000 rw-p 00000000 00:00 0 
7fc0c462a000-7fc0c462d000 ---p 00000000 00:00 0 
7fc0c462d000-7fc0c472b000 rw-p 00000000 00:00 0 
7fc0c472b000-7fc0c4744000 r--s 0012c000 08:01 676139                     /home/xielinjun/.m2/repository/io/netty/netty/3.10.5.Final/netty-3.10.5.Final.jar
7fc0c4744000-7fc0c4781000 r--s 00294000 08:01 1068357                    /home/xielinjun/.m2/repository/org/springframework/spring/2.5.6.SEC03/spring-2.5.6.SEC03.jar
7fc0c4781000-7fc0c4784000 ---p 00000000 00:00 0 
7fc0c4784000-7fc0c4882000 rw-p 00000000 00:00 0 
7fc0c4882000-7fc0c5241000 r--p 00000000 08:01 795787                     /usr/lib/locale/locale-archive
7fc0c5241000-7fc0c5244000 ---p 00000000 00:00 0 
7fc0c5244000-7fc0c5342000 rw-p 00000000 00:00 0 
7fc0c5342000-7fc0c5345000 ---p 00000000 00:00 0 
7fc0c5345000-7fc0c5443000 rw-p 00000000 00:00 0 
7fc0c5443000-7fc0c5444000 ---p 00000000 00:00 0 
7fc0c5444000-7fc0c8000000 rw-p 00000000 00:00 0 
7fc0c8000000-7fc0c8021000 rw-p 00000000 00:00 0 
7fc0c8021000-7fc0cc000000 ---p 00000000 00:00 0 
7fc0cc000000-7fc0cc002000 r--s 0001a000 08:01 938505                     /home/xielinjun/soft/idea-IU-181.4668.68/lib/idea_rt.jar
7fc0cc002000-7fc0cc009000 r--s 00053000 08:01 569324                     /home/xielinjun/.m2/repository/log4j/log4j/1.2.14/log4j-1.2.14.jar
7fc0cc009000-7fc0cc00b000 r--s 00014000 08:01 676135                     /home/xielinjun/.m2/repository/jline/jline/0.9.94/jline-0.9.94.jar
7fc0cc00b000-7fc0cc00d000 r--s 00005000 08:01 676131                     /home/xielinjun/.m2/repository/org/slf4j/slf4j-api/1.6.1/slf4j-api-1.6.1.jar
7fc0cc00d000-7fc0cc01a000 r--s 000c8000 08:01 675218                     /home/xielinjun/.m2/repository/org/apache/zookeeper/zookeeper/3.4.10/zookeeper-3.4.10.jar
7fc0cc01a000-7fc0cc01c000 r--s 0000e000 08:01 1180357                    /home/xielinjun/.m2/repository/com/github/sgroschupf/zkclient/0.1/zkclient-0.1.jar
7fc0cc01c000-7fc0cc02c000 r--s 000b2000 08:01 1068370                    /home/xielinjun/.m2/repository/org/jboss/netty/netty/3.2.5.Final/netty-3.2.5.Final.jar
7fc0cc02c000-7fc0cc035000 r--s 00096000 08:01 1068350                    /home/xielinjun/.m2/repository/org/javassist/javassist/3.15.0-GA/javassist-3.15.0-GA.jar
7fc0cc035000-7fc0cc037000 r--s 0000d000 08:01 674660                     /home/xielinjun/.m2/repository/commons-logging/commons-logging/1.1.1/commons-logging-1.1.1.jar
7fc0cc037000-7fc0cc33a000 rw-p 00000000 00:00 0 
7fc0cc33a000-7fc0cc514000 r--s 03d68000 08:01 1064803                    /home/xielinjun/java/jdk1.8.0_171/jre/lib/rt.jar
7fc0cc514000-7fc0cceff000 rw-p 00000000 00:00 0 
7fc0cceff000-7fc0ccf00000 ---p 00000000 00:00 0 
7fc0ccf00000-7fc0cd000000 rw-p 00000000 00:00 0 
7fc0cd000000-7fc0cd460000 rwxp 00000000 00:00 0 
7fc0cd460000-7fc0dc000000 ---p 00000000 00:00 0 
7fc0dc000000-7fc0dc826000 rw-p 00000000 00:00 0 
7fc0dc826000-7fc0e0000000 ---p 00000000 00:00 0 
7fc0e0000000-7fc0e001b000 r--s 00132000 08:01 1068376                    /home/xielinjun/.m2/repository/com/alibaba/dubbo/2.5.3/dubbo-2.5.3.jar
7fc0e001b000-7fc0e002e000 r--s 00345000 08:01 1064838                    /home/xielinjun/java/jdk1.8.0_171/jre/lib/resources.jar
7fc0e002e000-7fc0e0041000 r--s 000d6000 08:01 1064779                    /home/xielinjun/java/jdk1.8.0_171/jre/lib/plugin.jar
7fc0e0041000-7fc0e0046000 r--s 0009d000 08:01 1064852                    /home/xielinjun/java/jdk1.8.0_171/jre/lib/jsse.jar
7fc0e0046000-7fc0e004b000 r--s 00084000 08:01 1064756                    /home/xielinjun/java/jdk1.8.0_171/jre/lib/jfr.jar
7fc0e004b000-7fc0e00c1000 rw-p 00000000 00:00 0 
7fc0e00c1000-7fc0e00c2000 ---p 00000000 00:00 0 
7fc0e00c2000-7fc0e01c2000 rw-p 00000000 00:00 0 
7fc0e01c2000-7fc0e01c3000 ---p 00000000 00:00 0 
7fc0e01c3000-7fc0e02c3000 rw-p 00000000 00:00 0 
7fc0e02c3000-7fc0e02c4000 ---p 00000000 00:00 0 
7fc0e02c4000-7fc0e03d9000 rw-p 00000000 00:00 0 
7fc0e03d9000-7fc0e050c000 ---p 00000000 00:00 0 
7fc0e050c000-7fc0e0521000 rw-p 00000000 00:00 0 
7fc0e0521000-7fc0e0653000 ---p 00000000 00:00 0 
7fc0e0653000-7fc0e0666000 rw-p 00000000 00:00 0 
7fc0e0666000-7fc0e06f7000 ---p 00000000 00:00 0 
7fc0e06f7000-7fc0e070a000 rw-p 00000000 00:00 0 
7fc0e070a000-7fc0e0ab8000 ---p 00000000 00:00 0 
7fc0e0ab8000-7fc0e0ad3000 r-xp 00000000 08:01 669764                     /home/xielinjun/java/jdk1.8.0_171/jre/lib/amd64/libzip.so
7fc0e0ad3000-7fc0e0cd3000 ---p 0001b000 08:01 669764                     /home/xielinjun/java/jdk1.8.0_171/jre/lib/amd64/libzip.so
7fc0e0cd3000-7fc0e0cd4000 rw-p 0001b000 08:01 669764                     /home/xielinjun/java/jdk1.8.0_171/jre/lib/amd64/libzip.so
7fc0e0cd4000-7fc0e0cdf000 r-xp 00000000 08:01 923496                     /lib/x86_64-linux-gnu/libnss_files-2.23.so
7fc0e0cdf000-7fc0e0ede000 ---p 0000b000 08:01 923496                     /lib/x86_64-linux-gnu/libnss_files-2.23.so
7fc0e0ede000-7fc0e0edf000 r--p 0000a000 08:01 923496                     /lib/x86_64-linux-gnu/libnss_files-2.23.so
7fc0e0edf000-7fc0e0ee0000 rw-p 0000b000 08:01 923496                     /lib/x86_64-linux-gnu/libnss_files-2.23.so
7fc0e0ee0000-7fc0e0ee6000 rw-p 00000000 00:00 0 
7fc0e0ee6000-7fc0e0ef1000 r-xp 00000000 08:01 923506                     /lib/x86_64-linux-gnu/libnss_nis-2.23.so
7fc0e0ef1000-7fc0e10f0000 ---p 0000b000 08:01 923506                     /lib/x86_64-linux-gnu/libnss_nis-2.23.so
7fc0e10f0000-7fc0e10f1000 r--p 0000a000 08:01 923506                     /lib/x86_64-linux-gnu/libnss_nis-2.23.so
7fc0e10f1000-7fc0e10f2000 rw-p 0000b000 08:01 923506                     /lib/x86_64-linux-gnu/libnss_nis-2.23.so
7fc0e10f2000-7fc0e1108000 r-xp 00000000 08:01 923490                     /lib/x86_64-linux-gnu/libnsl-2.23.so
7fc0e1108000-7fc0e1307000 ---p 00016000 08:01 923490                     /lib/x86_64-linux-gnu/libnsl-2.23.so
7fc0e1307000-7fc0e1308000 r--p 00015000 08:01 923490                     /lib/x86_64-linux-gnu/libnsl-2.23.so
7fc0e1308000-7fc0e1309000 rw-p 00016000 08:01 923490                     /lib/x86_64-linux-gnu/libnsl-2.23.so
7fc0e1309000-7fc0e130b000 rw-p 00000000 00:00 0 
7fc0e130b000-7fc0e1313000 r-xp 00000000 08:01 923492                     /lib/x86_64-linux-gnu/libnss_compat-2.23.so
7fc0e1313000-7fc0e1512000 ---p 00008000 08:01 923492                     /lib/x86_64-linux-gnu/libnss_compat-2.23.so
7fc0e1512000-7fc0e1513000 r--p 00007000 08:01 923492                     /lib/x86_64-linux-gnu/libnss_compat-2.23.so
7fc0e1513000-7fc0e1514000 rw-p 00008000 08:01 923492                     /lib/x86_64-linux-gnu/libnss_compat-2.23.so
7fc0e1514000-7fc0e151e000 r-xp 00000000 08:01 669773                     /home/xielinjun/java/jdk1.8.0_171/jre/lib/amd64/libinstrument.so
7fc0e151e000-7fc0e171d000 ---p 0000a000 08:01 669773                     /home/xielinjun/java/jdk1.8.0_171/jre/lib/amd64/libinstrument.so
7fc0e171d000-7fc0e171e000 rw-p 00009000 08:01 669773                     /home/xielinjun/java/jdk1.8.0_171/jre/lib/amd64/libinstrument.so
7fc0e171e000-7fc0e1749000 r-xp 00000000 08:01 669758                     /home/xielinjun/java/jdk1.8.0_171/jre/lib/amd64/libjava.so
7fc0e1749000-7fc0e1948000 ---p 0002b000 08:01 669758                     /home/xielinjun/java/jdk1.8.0_171/jre/lib/amd64/libjava.so
7fc0e1948000-7fc0e194a000 rw-p 0002a000 08:01 669758                     /home/xielinjun/java/jdk1.8.0_171/jre/lib/amd64/libjava.so
7fc0e194a000-7fc0e1957000 r-xp 00000000 08:01 669763                     /home/xielinjun/java/jdk1.8.0_171/jre/lib/amd64/libverify.so
7fc0e1957000-7fc0e1b57000 ---p 0000d000 08:01 669763                     /home/xielinjun/java/jdk1.8.0_171/jre/lib/amd64/libverify.so
7fc0e1b57000-7fc0e1b59000 rw-p 0000d000 08:01 669763                     /home/xielinjun/java/jdk1.8.0_171/jre/lib/amd64/libverify.so
7fc0e1b59000-7fc0e1b60000 r-xp 00000000 08:01 923551                     /lib/x86_64-linux-gnu/librt-2.23.so
7fc0e1b60000-7fc0e1d5f000 ---p 00007000 08:01 923551                     /lib/x86_64-linux-gnu/librt-2.23.so
7fc0e1d5f000-7fc0e1d60000 r--p 00006000 08:01 923551                     /lib/x86_64-linux-gnu/librt-2.23.so
7fc0e1d60000-7fc0e1d61000 rw-p 00007000 08:01 923551                     /lib/x86_64-linux-gnu/librt-2.23.so
7fc0e1d61000-7fc0e1e69000 r-xp 00000000 08:01 923467                     /lib/x86_64-linux-gnu/libm-2.23.so
7fc0e1e69000-7fc0e2068000 ---p 00108000 08:01 923467                     /lib/x86_64-linux-gnu/libm-2.23.so
7fc0e2068000-7fc0e2069000 r--p 00107000 08:01 923467                     /lib/x86_64-linux-gnu/libm-2.23.so
7fc0e2069000-7fc0e206a000 rw-p 00108000 08:01 923467                     /lib/x86_64-linux-gnu/libm-2.23.so
7fc0e206a000-7fc0e2d43000 r-xp 00000000 08:01 669740                     /home/xielinjun/java/jdk1.8.0_171/jre/lib/amd64/server/libjvm.so
7fc0e2d43000-7fc0e2f42000 ---p 00cd9000 08:01 669740                     /home/xielinjun/java/jdk1.8.0_171/jre/lib/amd64/server/libjvm.so
7fc0e2f42000-7fc0e301c000 rw-p 00cd8000 08:01 669740                     /home/xielinjun/java/jdk1.8.0_171/jre/lib/amd64/server/libjvm.so
7fc0e301c000-7fc0e3067000 rw-p 00000000 00:00 0 
7fc0e3067000-7fc0e3227000 r-xp 00000000 08:01 923397                     /lib/x86_64-linux-gnu/libc-2.23.so
7fc0e3227000-7fc0e3427000 ---p 001c0000 08:01 923397                     /lib/x86_64-linux-gnu/libc-2.23.so
7fc0e3427000-7fc0e342b000 r--p 001c0000 08:01 923397                     /lib/x86_64-linux-gnu/libc-2.23.so
7fc0e342b000-7fc0e342d000 rw-p 001c4000 08:01 923397                     /lib/x86_64-linux-gnu/libc-2.23.so
7fc0e342d000-7fc0e3431000 rw-p 00000000 00:00 0 
7fc0e3431000-7fc0e3434000 r-xp 00000000 08:01 923421                     /lib/x86_64-linux-gnu/libdl-2.23.so
7fc0e3434000-7fc0e3633000 ---p 00003000 08:01 923421                     /lib/x86_64-linux-gnu/libdl-2.23.so
7fc0e3633000-7fc0e3634000 r--p 00002000 08:01 923421                     /lib/x86_64-linux-gnu/libdl-2.23.so
7fc0e3634000-7fc0e3635000 rw-p 00003000 08:01 923421                     /lib/x86_64-linux-gnu/libdl-2.23.so
7fc0e3635000-7fc0e364b000 r-xp 00000000 08:01 1064677                    /home/xielinjun/java/jdk1.8.0_171/lib/amd64/jli/libjli.so
7fc0e364b000-7fc0e384a000 ---p 00016000 08:01 1064677                    /home/xielinjun/java/jdk1.8.0_171/lib/amd64/jli/libjli.so
7fc0e384a000-7fc0e384b000 rw-p 00015000 08:01 1064677                    /home/xielinjun/java/jdk1.8.0_171/lib/amd64/jli/libjli.so
7fc0e384b000-7fc0e3863000 r-xp 00000000 08:01 923543                     /lib/x86_64-linux-gnu/libpthread-2.23.so
7fc0e3863000-7fc0e3a62000 ---p 00018000 08:01 923543                     /lib/x86_64-linux-gnu/libpthread-2.23.so
7fc0e3a62000-7fc0e3a63000 r--p 00017000 08:01 923543                     /lib/x86_64-linux-gnu/libpthread-2.23.so
7fc0e3a63000-7fc0e3a64000 rw-p 00018000 08:01 923543                     /lib/x86_64-linux-gnu/libpthread-2.23.so
7fc0e3a64000-7fc0e3a68000 rw-p 00000000 00:00 0 
7fc0e3a68000-7fc0e3a8e000 r-xp 00000000 08:01 923369                     /lib/x86_64-linux-gnu/ld-2.23.so
7fc0e3a8f000-7fc0e3a98000 r--s 0006d000 08:01 1064766                    /home/xielinjun/java/jdk1.8.0_171/jre/lib/javaws.jar
7fc0e3a98000-7fc0e3ab3000 r--s 0020c000 08:01 1064757                    /home/xielinjun/java/jdk1.8.0_171/jre/lib/deploy.jar
7fc0e3ab3000-7fc0e3b71000 rw-p 00000000 00:00 0 
7fc0e3b71000-7fc0e3b74000 ---p 00000000 00:00 0 
7fc0e3b74000-7fc0e3c77000 rw-p 00000000 00:00 0 
7fc0e3c77000-7fc0e3c78000 r--s 00002000 08:01 676133                     /home/xielinjun/.m2/repository/org/slf4j/slf4j-log4j12/1.6.1/slf4j-log4j12-1.6.1.jar
7fc0e3c78000-7fc0e3c79000 r--s 00000000 08:01 1064763                    /home/xielinjun/java/jdk1.8.0_171/jre/lib/management-agent.jar
7fc0e3c79000-7fc0e3c7b000 r--s 00007000 08:01 1064860                    /home/xielinjun/java/jdk1.8.0_171/jre/lib/jfxswt.jar
7fc0e3c7b000-7fc0e3c7e000 r--s 0001a000 08:01 1064858                    /home/xielinjun/java/jdk1.8.0_171/jre/lib/jce.jar
7fc0e3c7e000-7fc0e3c83000 r--s 002f9000 08:01 1064801                    /home/xielinjun/java/jdk1.8.0_171/jre/lib/charsets.jar
7fc0e3c83000-7fc0e3c8b000 rw-s 00000000 08:01 396621                     /tmp/hsperfdata_xielinjun/7948
7fc0e3c8b000-7fc0e3c8c000 rw-p 00000000 00:00 0 
7fc0e3c8c000-7fc0e3c8d000 ---p 00000000 00:00 0 
7fc0e3c8d000-7fc0e3c8e000 r--p 00025000 08:01 923369                     /lib/x86_64-linux-gnu/ld-2.23.so
7fc0e3c8e000-7fc0e3c8f000 rw-p 00026000 08:01 923369                     /lib/x86_64-linux-gnu/ld-2.23.so
7fc0e3c8f000-7fc0e3c90000 rw-p 00000000 00:00 0 
7ffc94807000-7ffc94829000 rw-p 00000000 00:00 0                          [stack]
7ffc94996000-7ffc94999000 r--p 00000000 00:00 0                          [vvar]
7ffc94999000-7ffc9499b000 r-xp 00000000 00:00 0                          [vdso]
ffffffffff600000-ffffffffff601000 r-xp 00000000 00:00 0                  [vsyscall]

VM Arguments:
jvm_args: -javaagent:/home/xielinjun/soft/idea-IU-181.4668.68/lib/idea_rt.jar=34935:/home/xielinjun/soft/idea-IU-181.4668.68/bin -Dfile.encoding=UTF-8 
java_command: com.xlj.App
java_class_path (initial): /home/xielinjun/java/jdk1.8.0_171/jre/lib/charsets.jar:/home/xielinjun/java/jdk1.8.0_171/jre/lib/deploy.jar:/home/xielinjun/java/jdk1.8.0_171/jre/lib/ext/cldrdata.jar:/home/xielinjun/java/jdk1.8.0_171/jre/lib/ext/dnsns.jar:/home/xielinjun/java/jdk1.8.0_171/jre/lib/ext/jaccess.jar:/home/xielinjun/java/jdk1.8.0_171/jre/lib/ext/jfxrt.jar:/home/xielinjun/java/jdk1.8.0_171/jre/lib/ext/localedata.jar:/home/xielinjun/java/jdk1.8.0_171/jre/lib/ext/nashorn.jar:/home/xielinjun/java/jdk1.8.0_171/jre/lib/ext/sunec.jar:/home/xielinjun/java/jdk1.8.0_171/jre/lib/ext/sunjce_provider.jar:/home/xielinjun/java/jdk1.8.0_171/jre/lib/ext/sunpkcs11.jar:/home/xielinjun/java/jdk1.8.0_171/jre/lib/ext/zipfs.jar:/home/xielinjun/java/jdk1.8.0_171/jre/lib/javaws.jar:/home/xielinjun/java/jdk1.8.0_171/jre/lib/jce.jar:/home/xielinjun/java/jdk1.8.0_171/jre/lib/jfr.jar:/home/xielinjun/java/jdk1.8.0_171/jre/lib/jfxswt.jar:/home/xielinjun/java/jdk1.8.0_171/jre/lib/jsse.jar:/home/xielinjun/java/jdk1.8.0_171/jre/lib/management-agent.jar:/home/xielinjun/java/jdk1.8.0_171/jre/lib/plugin.jar:/home/xielinjun/java/jdk1.8.0_171/jre/lib/resources.jar:/home/xielinjun/java/jdk1.8.0_171/jre/lib/rt.jar:/home/xielinjun/IdeaProjects/demo/dubboroot/dubboconsumer/target/classes:/home/xielinjun/.m2/repository/com/alibaba/dubbo/2.5.3/dubbo-2.5.3.jar:/home/xielinjun/.m2/repository/org/springframework/spring/2.5.6.SEC03/spring-2.5.6.SEC03.jar:/home/xielinjun/.m2/repository/commons-logging/commons-logging/1.1.1/commons-logging-1.1.1.jar:/home/xielinjun/.m2/repository/org/javassist/javassist/3.15.0-GA/javassist-3.15.0-GA.jar:/home/xielinjun/.m2/repository/org/jboss/netty/netty/3.2.5.Final/netty-3.2.5.Final.jar:/home/xielinjun/IdeaProjects/demo/dubboroot/dubboapi/target/classes:/home/xielinjun/.m2/repository/com/github/sgroschupf/zkclient/0.1/zkclient-0.1.jar:/home/xielinjun/.m2/repository/org/apache/zookeeper/zookeeper/3.4.10/zookeeper-3.4.10.jar:/home/xielinjun/.m2/repository/org/slf4j/slf4j-api
Launcher Type: SUN_STANDARD

Environment Variables:
JAVA_HOME=/home/xielinjun/java/jdk1.8.0_171
JRE_HOME=/home/xielinjun/java/jdk1.8.0_171/jre
CLASSPATH=/home/xielinjun/soft/idea-IU-181.4668.68/lib/bootstrap.jar:/home/xielinjun/soft/idea-IU-181.4668.68/lib/extensions.jar:/home/xielinjun/soft/idea-IU-181.4668.68/lib/util.jar:/home/xielinjun/soft/idea-IU-181.4668.68/lib/jdom.jar:/home/xielinjun/soft/idea-IU-181.4668.68/lib/log4j.jar:/home/xielinjun/soft/idea-IU-181.4668.68/lib/trove4j.jar:/home/xielinjun/soft/idea-IU-181.4668.68/lib/jna.jar:/home/xielinjun/soft/idea-IU-181.4668.68/jre64/lib/tools.jar
PATH=.:/home/xielinjun/mavenserver/nexus-3.10.0-04/bin:.:/home/xielinjun/maven/apache-maven-3.5.3/bin:.:/home/xielinjun/soft/idea-IU-181.4668.68/bin:.:/home/xielinjun/tomcat/apache-tomcat-9.0.7/bin:.:/home/xielinjun/java/jdk1.8.0_171/bin:.:/home/xielinjun/soft/zookeeper-3.4.10/bin:/home/xielinjun/bin:/home/xielinjun/.local/bin:/usr/local/sbin:/usr/local/bin:/usr/sbin:/usr/bin:/sbin:/bin:/usr/games:/usr/local/games:/snap/bin
SHELL=/bin/bash
DISPLAY=:0

Signal Handlers:
SIGSEGV: [libjvm.so+0xad0890], sa_mask[0]=11111111011111111101111111111110, sa_flags=SA_RESTART|SA_SIGINFO
SIGBUS: [libjvm.so+0xad0890], sa_mask[0]=11111111011111111101111111111110, sa_flags=SA_RESTART|SA_SIGINFO
SIGFPE: [libjvm.so+0x928640], sa_mask[0]=11111111011111111101111111111110, sa_flags=SA_RESTART|SA_SIGINFO
SIGPIPE: [libjvm.so+0x928640], sa_mask[0]=11111111011111111101111111111110, sa_flags=SA_RESTART|SA_SIGINFO
SIGXFSZ: [libjvm.so+0x928640], sa_mask[0]=11111111011111111101111111111110, sa_flags=SA_RESTART|SA_SIGINFO
SIGILL: [libjvm.so+0x928640], sa_mask[0]=11111111011111111101111111111110, sa_flags=SA_RESTART|SA_SIGINFO
SIGUSR1: SIG_DFL, sa_mask[0]=00000000000000000000000000000000, sa_flags=none
SIGUSR2: [libjvm.so+0x929ea0], sa_mask[0]=00100000000000000000000000000000, sa_flags=SA_RESTART|SA_SIGINFO
SIGHUP: [libjvm.so+0x92b2a0], sa_mask[0]=11111111011111111101111111111110, sa_flags=SA_RESTART|SA_SIGINFO
SIGINT: [libjvm.so+0x92b2a0], sa_mask[0]=11111111011111111101111111111110, sa_flags=SA_RESTART|SA_SIGINFO
SIGTERM: [libjvm.so+0x92b2a0], sa_mask[0]=11111111011111111101111111111110, sa_flags=SA_RESTART|SA_SIGINFO
SIGQUIT: [libjvm.so+0x92b2a0], sa_mask[0]=11111111011111111101111111111110, sa_flags=SA_RESTART|SA_SIGINFO


---------------  S Y S T E M  ---------------

OS:DISTRIB_ID=Ubuntu
DISTRIB_RELEASE=16.04
DISTRIB_CODENAME=xenial
DISTRIB_DESCRIPTION="Ubuntu 16.04.4 LTS"

uname:Linux 4.13.0-39-generic #44~16.04.1-Ubuntu SMP Thu Apr 5 16:43:10 UTC 2018 x86_64
libc:glibc 2.23 NPTL 2.23 
rlimit: STACK 8192k, CORE 0k, NPROC 15483, NOFILE 1048576, AS infinity
load average:2.44 3.26 2.65

/proc/meminfo:
MemTotal:        4016436 kB
MemFree:           91060 kB
MemAvailable:       1820 kB
Buffers:            1064 kB
Cached:            79004 kB
SwapCached:         1036 kB
Active:          2793156 kB
Inactive:         569600 kB
Active(anon):    2779984 kB
Inactive(anon):   555948 kB
Active(file):      13172 kB
Inactive(file):    13652 kB
Unevictable:          48 kB
Mlocked:              48 kB
SwapTotal:       1046524 kB
SwapFree:              0 kB
Dirty:               368 kB
Writeback:             0 kB
AnonPages:       3281908 kB
Mapped:            70332 kB
Shmem:             53012 kB
Slab:              97888 kB
SReclaimable:      35716 kB
SUnreclaim:        62172 kB
KernelStack:       17504 kB
PageTables:        45796 kB
NFS_Unstable:          0 kB
Bounce:                0 kB
WritebackTmp:          0 kB
CommitLimit:     3054740 kB
Committed_AS:   10042380 kB
VmallocTotal:   34359738367 kB
VmallocUsed:           0 kB
VmallocChunk:          0 kB
HardwareCorrupted:     0 kB
AnonHugePages:         0 kB
ShmemHugePages:        0 kB
ShmemPmdMapped:        0 kB
CmaTotal:              0 kB
CmaFree:               0 kB
HugePages_Total:       0
HugePages_Free:        0
HugePages_Rsvd:        0
HugePages_Surp:        0
Hugepagesize:       2048 kB
DirectMap4k:      118592 kB
DirectMap2M:     4075520 kB
DirectMap1G:     2097152 kB


CPU:total 4 (initial active 4) (2 cores per cpu, 1 threads per core) family 6 model 78 stepping 3, cmov, cx8, fxsr, mmx, sse, sse2, sse3, ssse3, sse4.1, sse4.2, popcnt, avx, avx2, aes, clmul, erms, rtm, 3dnowpref, lzcnt, tsc, tscinvbit, bmi1, bmi2, adx

/proc/cpuinfo:
processor	: 0
vendor_id	: GenuineIntel
cpu family	: 6
model		: 78
model name	: Intel(R) Core(TM) i5-6300U CPU @ 2.40GHz
stepping	: 3
microcode	: 0xc2
cpu MHz		: 2496.000
cache size	: 3072 KB
physical id	: 0
siblings	: 2
core id		: 0
cpu cores	: 2
apicid		: 0
initial apicid	: 0
fpu		: yes
fpu_exception	: yes
cpuid level	: 22
wp		: yes
flags		: fpu vme de pse tsc msr pae mce cx8 apic sep mtrr pge mca cmov pat pse36 clflush mmx fxsr sse sse2 ss ht syscall nx pdpe1gb rdtscp lm constant_tsc arch_perfmon nopl xtopology tsc_reliable nonstop_tsc cpuid pni pclmulqdq ssse3 fma cx16 pcid sse4_1 sse4_2 x2apic movbe popcnt tsc_deadline_timer aes xsave avx f16c rdrand hypervisor lahf_lm abm 3dnowprefetch cpuid_fault invpcid_single pti retpoline rsb_ctxsw spec_ctrl fsgsbase tsc_adjust bmi1 hle avx2 smep bmi2 invpcid rtm mpx rdseed adx smap clflushopt xsaveopt xsavec xsaves arat
bugs		: cpu_meltdown spectre_v1 spectre_v2
bogomips	: 4992.00
clflush size	: 64
cache_alignment	: 64
address sizes	: 43 bits physical, 48 bits virtual
power management:

processor	: 1
vendor_id	: GenuineIntel
cpu family	: 6
model		: 78
model name	: Intel(R) Core(TM) i5-6300U CPU @ 2.40GHz
stepping	: 3
microcode	: 0xc2
cpu MHz		: 2496.000
cache size	: 3072 KB
physical id	: 0
siblings	: 2
core id		: 1
cpu cores	: 2
apicid		: 1
initial apicid	: 1
fpu		: yes
fpu_exception	: yes
cpuid level	: 22
wp		: yes
flags		: fpu vme de pse tsc msr pae mce cx8 apic sep mtrr pge mca cmov pat pse36 clflush mmx fxsr sse sse2 ss ht syscall nx pdpe1gb rdtscp lm constant_tsc arch_perfmon nopl xtopology tsc_reliable nonstop_tsc cpuid pni pclmulqdq ssse3 fma cx16 pcid sse4_1 sse4_2 x2apic movbe popcnt tsc_deadline_timer aes xsave avx f16c rdrand hypervisor lahf_lm abm 3dnowprefetch cpuid_fault invpcid_single pti retpoline rsb_ctxsw spec_ctrl fsgsbase tsc_adjust bmi1 hle avx2 smep bmi2 invpcid rtm mpx rdseed adx smap clflushopt xsaveopt xsavec xsaves arat
bugs		: cpu_meltdown spectre_v1 spectre_v2
bogomips	: 4992.00
clflush size	: 64
cache_alignment	: 64
address sizes	: 43 bits physical, 48 bits virtual
power management:

processor	: 2
vendor_id	: GenuineIntel
cpu family	: 6
model		: 78
model name	: Intel(R) Core(TM) i5-6300U CPU @ 2.40GHz
stepping	: 3
microcode	: 0xc2
cpu MHz		: 2496.000
cache size	: 3072 KB
physical id	: 1
siblings	: 2
core id		: 0
cpu cores	: 2
apicid		: 2
initial apicid	: 2
fpu		: yes
fpu_exception	: yes
cpuid level	: 22
wp		: yes
flags		: fpu vme de pse tsc msr pae mce cx8 apic sep mtrr pge mca cmov pat pse36 clflush mmx fxsr sse sse2 ss ht syscall nx pdpe1gb rdtscp lm constant_tsc arch_perfmon nopl xtopology tsc_reliable nonstop_tsc cpuid pni pclmulqdq ssse3 fma cx16 pcid sse4_1 sse4_2 x2apic movbe popcnt tsc_deadline_timer aes xsave avx f16c rdrand hypervisor lahf_lm abm 3dnowprefetch cpuid_fault invpcid_single pti retpoline rsb_ctxsw spec_ctrl fsgsbase tsc_adjust bmi1 hle avx2 smep bmi2 invpcid rtm mpx rdseed adx smap clflushopt xsaveopt xsavec xsaves arat
bugs		: cpu_meltdown spectre_v1 spectre_v2
bogomips	: 4992.00
clflush size	: 64
cache_alignment	: 64
address sizes	: 43 bits physical, 48 bits virtual
power management:

processor	: 3
vendor_id	: GenuineIntel
cpu family	: 6
model		: 78
model name	: Intel(R) Core(TM) i5-6300U CPU @ 2.40GHz
stepping	: 3
microcode	: 0xc2
cpu MHz		: 2496.000
cache size	: 3072 KB
physical id	: 1
siblings	: 2
core id		: 1
cpu cores	: 2
apicid		: 3
initial apicid	: 3
fpu		: yes
fpu_exception	: yes
cpuid level	: 22
wp		: yes
flags		: fpu vme de pse tsc msr pae mce cx8 apic sep mtrr pge mca cmov pat pse36 clflush mmx fxsr sse sse2 ss ht syscall nx pdpe1gb rdtscp lm constant_tsc arch_perfmon nopl xtopology tsc_reliable nonstop_tsc cpuid pni pclmulqdq ssse3 fma cx16 pcid sse4_1 sse4_2 x2apic movbe popcnt tsc_deadline_timer aes xsave avx f16c rdrand hypervisor lahf_lm abm 3dnowprefetch cpuid_fault invpcid_single pti retpoline rsb_ctxsw spec_ctrl fsgsbase tsc_adjust bmi1 hle avx2 smep bmi2 invpcid rtm mpx rdseed adx smap clflushopt xsaveopt xsavec xsaves arat
bugs		: cpu_meltdown spectre_v1 spectre_v2
bogomips	: 4992.00
clflush size	: 64
cache_alignment	: 64
address sizes	: 43 bits physical, 48 bits virtual
power management:



Memory: 4k page, physical 4016436k(91060k free), swap 1046524k(0k free)

vm_info: Java HotSpot(TM) 64-Bit Server VM (25.171-b11) for linux-amd64 JRE (1.8.0_171-b11), built on Mar 28 2018 17:07:08 by "java_re" with gcc 4.3.0 20080428 (Red Hat 4.3.0-8)

time: Thu May  3 23:23:04 2018
elapsed time: 5 seconds (0d 0h 0m 5s)

